<?xml version="1.0" encoding="UTF-8"?>
<testsuite name="validation.Test_OrderWrapper" tests="12" skipped="0" failures="1" errors="0" timestamp="2021-07-08T16:55:37" hostname="ubuntu" time="14.38">
  <properties/>
  <testcase name="moveToPoint" classname="validation.Test_OrderWrapper" time="1.024"/>
  <testcase name="setRotationalSpeedTest" classname="validation.Test_OrderWrapper" time="1.022"/>
  <testcase name="setPositionAndOrientationTest" classname="validation.Test_OrderWrapper" time="1.49"/>
  <testcase name="setOrientationTest" classname="validation.Test_OrderWrapper" time="1.172"/>
  <testcase name="configureHookTest" classname="validation.Test_OrderWrapper" time="1.091">
    <failure message="java.lang.IllegalArgumentException: Required argument count (6) is not the actual argument count (7)" type="java.lang.IllegalArgumentException">java.lang.IllegalArgumentException: Required argument count (6) is not the actual argument count (7)
	at lowlevel.order.OrderWithArgument.with(OrderWithArgument.java:29)
	at validation.Test_OrderWrapper.configureHookTest(Test_OrderWrapper.java:191)
	at java.base/jdk.internal.reflect.NativeMethodAccessorImpl.invoke0(Native Method)
	at java.base/jdk.internal.reflect.NativeMethodAccessorImpl.invoke(NativeMethodAccessorImpl.java:62)
	at java.base/jdk.internal.reflect.DelegatingMethodAccessorImpl.invoke(DelegatingMethodAccessorImpl.java:43)
	at java.base/java.lang.reflect.Method.invoke(Method.java:564)
	at org.junit.runners.model.FrameworkMethod$1.runReflectiveCall(FrameworkMethod.java:45)
	at org.junit.internal.runners.model.ReflectiveCallable.run(ReflectiveCallable.java:15)
	at org.junit.runners.model.FrameworkMethod.invokeExplosively(FrameworkMethod.java:42)
	at org.junit.internal.runners.statements.InvokeMethod.evaluate(InvokeMethod.java:20)
	at org.junit.internal.runners.statements.RunBefores.evaluate(RunBefores.java:28)
	at org.junit.internal.runners.statements.RunAfters.evaluate(RunAfters.java:30)
	at org.junit.runners.ParentRunner.runLeaf(ParentRunner.java:263)
	at org.junit.runners.BlockJUnit4ClassRunner.runChild(BlockJUnit4ClassRunner.java:68)
	at org.junit.runners.BlockJUnit4ClassRunner.runChild(BlockJUnit4ClassRunner.java:47)
	at org.junit.runners.ParentRunner$3.run(ParentRunner.java:231)
	at org.junit.runners.ParentRunner$1.schedule(ParentRunner.java:60)
	at org.junit.runners.ParentRunner.runChildren(ParentRunner.java:229)
	at org.junit.runners.ParentRunner.access$000(ParentRunner.java:50)
	at org.junit.runners.ParentRunner$2.evaluate(ParentRunner.java:222)
	at org.junit.runners.ParentRunner.run(ParentRunner.java:300)
	at org.gradle.api.internal.tasks.testing.junit.JUnitTestClassExecutor.runTestClass(JUnitTestClassExecutor.java:110)
	at org.gradle.api.internal.tasks.testing.junit.JUnitTestClassExecutor.execute(JUnitTestClassExecutor.java:58)
	at org.gradle.api.internal.tasks.testing.junit.JUnitTestClassExecutor.execute(JUnitTestClassExecutor.java:38)
	at org.gradle.api.internal.tasks.testing.junit.AbstractJUnitTestClassProcessor.processTestClass(AbstractJUnitTestClassProcessor.java:62)
	at org.gradle.api.internal.tasks.testing.SuiteTestClassProcessor.processTestClass(SuiteTestClassProcessor.java:51)
	at java.base/jdk.internal.reflect.NativeMethodAccessorImpl.invoke0(Native Method)
	at java.base/jdk.internal.reflect.NativeMethodAccessorImpl.invoke(NativeMethodAccessorImpl.java:62)
	at java.base/jdk.internal.reflect.DelegatingMethodAccessorImpl.invoke(DelegatingMethodAccessorImpl.java:43)
	at java.base/java.lang.reflect.Method.invoke(Method.java:564)
	at org.gradle.internal.dispatch.ReflectionDispatch.dispatch(ReflectionDispatch.java:36)
	at org.gradle.internal.dispatch.ReflectionDispatch.dispatch(ReflectionDispatch.java:24)
	at org.gradle.internal.dispatch.ContextClassLoaderDispatch.dispatch(ContextClassLoaderDispatch.java:33)
	at org.gradle.internal.dispatch.ProxyDispatchAdapter$DispatchingInvocationHandler.invoke(ProxyDispatchAdapter.java:94)
	at com.sun.proxy.$Proxy2.processTestClass(Unknown Source)
	at org.gradle.api.internal.tasks.testing.worker.TestWorker.processTestClass(TestWorker.java:119)
	at java.base/jdk.internal.reflect.NativeMethodAccessorImpl.invoke0(Native Method)
	at java.base/jdk.internal.reflect.NativeMethodAccessorImpl.invoke(NativeMethodAccessorImpl.java:62)
	at java.base/jdk.internal.reflect.DelegatingMethodAccessorImpl.invoke(DelegatingMethodAccessorImpl.java:43)
	at java.base/java.lang.reflect.Method.invoke(Method.java:564)
	at org.gradle.internal.dispatch.ReflectionDispatch.dispatch(ReflectionDispatch.java:36)
	at org.gradle.internal.dispatch.ReflectionDispatch.dispatch(ReflectionDispatch.java:24)
	at org.gradle.internal.remote.internal.hub.MessageHubBackedObjectConnection$DispatchWrapper.dispatch(MessageHubBackedObjectConnection.java:182)
	at org.gradle.internal.remote.internal.hub.MessageHubBackedObjectConnection$DispatchWrapper.dispatch(MessageHubBackedObjectConnection.java:164)
	at org.gradle.internal.remote.internal.hub.MessageHub$Handler.run(MessageHub.java:414)
	at org.gradle.internal.concurrent.ExecutorPolicy$CatchAndRecordFailures.onExecute(ExecutorPolicy.java:64)
	at org.gradle.internal.concurrent.ManagedExecutorImpl$1.run(ManagedExecutorImpl.java:48)
	at java.base/java.util.concurrent.ThreadPoolExecutor.runWorker(ThreadPoolExecutor.java:1130)
	at java.base/java.util.concurrent.ThreadPoolExecutor$Worker.run(ThreadPoolExecutor.java:630)
	at org.gradle.internal.concurrent.ThreadFactoryImpl$ManagedThreadRunnable.run(ThreadFactoryImpl.java:56)
	at java.base/java.lang.Thread.run(Thread.java:832)
</failure>
  </testcase>
  <testcase name="enableHookTest" classname="validation.Test_OrderWrapper" time="1.137"/>
  <testcase name="disableHookTest" classname="validation.Test_OrderWrapper" time="0.974"/>
  <testcase name="stopOrderTest" classname="validation.Test_OrderWrapper" time="0.99"/>
  <testcase name="sendActionOrder" classname="validation.Test_OrderWrapper" time="0.929"/>
  <testcase name="moveLenghtwiseOrder" classname="validation.Test_OrderWrapper" time="1.072"/>
  <testcase name="turnTest" classname="validation.Test_OrderWrapper" time="2.435"/>
  <testcase name="setTranslationnalSpeedTest" classname="validation.Test_OrderWrapper" time="0.942"/>
  <system-out><![CDATA[[?[34m16:55:37.309 STDOUT (DEBUG) on Test worker org.gradle.api.internal.tasks.testing.processors.CaptureTestOutputTestResultProcessor.started(CaptureTestOutputTestResultProcessor.java:51)] ?[0m
[?[34m16:55:37.312 DATA_HANDLER (DEBUG) on Test worker utils.HLInstance.module(HLInstance.java:271)] Initialisation du moduleClass OrderWrapper?[0m
[?[34m16:55:37.313 DATA_HANDLER (DEBUG) on Test worker utils.HLInstance.module(HLInstance.java:285)] Mise à jour de la config du moduleClass OrderWrapper après son initialisation.?[0m
[?[34m16:55:37.314 STDOUT (DEBUG) on Test worker pfg.config.Config.loadInto(Config.java:274)] Set private boolean orders.OrderWrapper.symetry to false?[0m
[?[34m16:55:37.316 STDOUT (DEBUG) on Test worker pfg.config.Config.loadInto(Config.java:274)] Set private boolean orders.OrderWrapper.simulation to false?[0m
[?[34m16:55:37.317 STDOUT (DEBUG) on Test worker pfg.config.Config.loadInto(Config.java:274)] Set private boolean orders.OrderWrapper.usingBaliseImage to false?[0m
[?[34m16:55:37.319 DATA_HANDLER (DEBUG) on Test worker utils.HLInstance.module(HLInstance.java:297)] Module OrderWrapper prêt?[0m
[?[34m16:55:37.320 DATA_HANDLER (DEBUG) on Test worker utils.HLInstance.module(HLInstance.java:271)] Initialisation du moduleClass ConnectionManager?[0m
[?[34m16:55:37.321 DATA_HANDLER (DEBUG) on Test worker utils.HLInstance.module(HLInstance.java:285)] Mise à jour de la config du moduleClass ConnectionManager après son initialisation.?[0m
[?[34m16:55:37.324 DATA_HANDLER (DEBUG) on Test worker utils.HLInstance.module(HLInstance.java:297)] Module ConnectionManager prêt?[0m
[?[34m16:55:37.338 COMMUNICATION (DEBUG) on Thread-8 utils.communication.SocketServerInterface$1.run(SocketServerInterface.java:57)] Creating socket waiting connection on port 13550?[0m
[?[34m16:55:37.344 COMMUNICATION (DEBUG) on Thread-8 utils.communication.SocketServerInterface$1.run(SocketServerInterface.java:60)] Receive buffer size on null is 65536?[0m
[?[34m16:55:37.346 COMMUNICATION (DEBUG) on Thread-8 utils.communication.SocketServerInterface$1.run(SocketServerInterface.java:71)] Waiting connection on port 13550?[0m
[?[34m16:55:37.388 COMMUNICATION (DEBUG) on SocketClient(localhost:13550) utils.communication.SocketClientInterface.lambda$init$0(SocketClientInterface.java:51)] Trying to connect to localhost on port 13550?[0m
[?[34m16:55:37.390 COMMUNICATION (DEBUG) on SocketClient(localhost:13550) utils.communication.SocketClientInterface.lambda$init$0(SocketClientInterface.java:53)] Socket created to localhost on port 13550?[0m
[?[34m16:55:37.391 COMMUNICATION (DEBUG) on SocketClient(localhost:13550) utils.communication.SocketClientInterface.lambda$init$0(SocketClientInterface.java:70)] SUCCESS to connect to localhost on port 13550?[0m
[?[34m16:55:37.391 COMMUNICATION (DEBUG) on Thread-8 utils.communication.SocketServerInterface$1.run(SocketServerInterface.java:77)] Connection accepted on port 13550?[0m
[?[34m16:55:37.393 COMMUNICATION (DEBUG) on Thread-8 utils.communication.SocketServerInterface$1.run(SocketServerInterface.java:79)] Connection initialized on port 13550?[0m
[?[34m16:55:37.394 COMMUNICATION (DEBUG) on Thread-8 utils.communication.SocketServerInterface$1.run(SocketServerInterface.java:81)] Initialized connection with a 'ping'?[0m
[?[34m16:55:37.394 COMMUNICATION (DEBUG) on Thread-8 utils.communication.SocketServerInterface$1.run(SocketServerInterface.java:71)] Waiting connection on port 13550?[0m
[?[34m16:55:37.446 ORDERS (DEBUG) on Test worker jdk.internal.reflect.NativeMethodAccessorImpl.invoke0(NativeMethodAccessorImpl.java:-2)] Sent to LL: goto 54 647?[0m
[?[34m16:55:37.470 COMMUNICATION (DEBUG) on Test worker utils.communication.SocketServerInterface.read(SocketServerInterface.java:107)] >> READ: goto 54 647?[0m
[?[34m16:55:38.333 STDOUT (DEBUG) on Test worker org.gradle.api.internal.tasks.testing.processors.CaptureTestOutputTestResultProcessor.completed(CaptureTestOutputTestResultProcessor.java:80)] ?[0m
[?[34m16:55:38.341 STDOUT (DEBUG) on Finalizer utils.Log.close(Log.java:435)] ?[32mFermeture du service de log?[0m
[?[34m16:55:38.351 STDOUT (DEBUG) on Finalizer utils.HLInstance.printMessage(HLInstance.java:357)]     	       _____?[0m
[?[34m16:55:38.354 STDOUT (DEBUG) on Finalizer utils.HLInstance.printMessage(HLInstance.java:357)]               /     \?[0m
[?[34m16:55:38.357 STDOUT (DEBUG) on Finalizer utils.HLInstance.printMessage(HLInstance.java:357)]               vvvvvvv  /|__/|?[0m
[?[34m16:55:38.357 STDOUT (DEBUG) on Finalizer utils.HLInstance.printMessage(HLInstance.java:357)]                  I   /O,O   |?[0m
[?[34m16:55:38.358 STDOUT (DEBUG) on Finalizer utils.HLInstance.printMessage(HLInstance.java:357)]                  I /_____   |      /|/|?[0m
[?[34m16:55:38.359 STDOUT (DEBUG) on Finalizer utils.HLInstance.printMessage(HLInstance.java:357)]                 J|/^ ^ ^ \  |    /00  |    _//|?[0m
[?[34m16:55:38.359 STDOUT (DEBUG) on Finalizer utils.HLInstance.printMessage(HLInstance.java:357)]                  |^ ^ ^ ^ |W|   |/^^\ |   /oo |?[0m
[?[34m16:55:38.362 COMMUNICATION (DEBUG) on Thread-8 utils.communication.SocketServerInterface$1.run(SocketServerInterface.java:71)] Waiting connection on port 13550?[0m
[?[34m16:55:38.360 STDOUT (DEBUG) on Finalizer utils.HLInstance.printMessage(HLInstance.java:357)]                   \m___m__|_|    \m_m_|   \mm_|?[0m
[?[34m16:55:38.366 STDOUT (DEBUG) on Test worker org.gradle.api.internal.tasks.testing.processors.CaptureTestOutputTestResultProcessor.started(CaptureTestOutputTestResultProcessor.java:51)]               /     \?[0m
[?[34m16:55:38.367 STDOUT (DEBUG) on Finalizer utils.HLInstance.printMessage(HLInstance.java:357)] ?[0m
[?[34m16:55:38.368 STDOUT (DEBUG) on Finalizer utils.HLInstance.printMessage(HLInstance.java:357)] ------------------------- TOTORO'S END -------------------------?[0m
[?[34m16:55:38.370 STDOUT (DEBUG) on Test worker utils.HLInstance.printMessage(HLInstance.java:357)] ?[33m                   /*``.           `-:--.`?[0m
[?[34m16:55:38.372 STDOUT (DEBUG) on Test worker utils.HLInstance.printMessage(HLInstance.java:357)] ?[33m                  `.-::::/.        .:::::::y?[0m
[?[34m16:55:38.373 STDOUT (DEBUG) on Test worker utils.HLInstance.printMessage(HLInstance.java:357)] ?[33m                 `::::::::o``````.-::::::/h-?[0m
[?[34m16:55:38.374 STDOUT (DEBUG) on Test worker utils.HLInstance.printMessage(HLInstance.java:357)] ?[33m                 `::::::::::::::::::::::/h.?[0m
[?[34m16:55:38.375 STDOUT (DEBUG) on Test worker utils.HLInstance.printMessage(HLInstance.java:357)] ?[33m                  -::::::://++++//::::::::.?[0m
[?[34m16:55:38.376 STDOUT (DEBUG) on Test worker utils.HLInstance.printMessage(HLInstance.java:357)] ?[33m               `-::::/oso+/:-....--://:::::-.``.---:`?[0m
[?[34m16:55:38.377 STDOUT (DEBUG) on Test worker utils.HLInstance.printMessage(HLInstance.java:357)] ?[33m      ````   .-:::/so/-      ``````  `.:::::::::::::+ ?[34m``````````````````````````````````````````````````````````````````````?[0m
[?[34m16:55:38.380 STDOUT (DEBUG) on Test worker utils.HLInstance.printMessage(HLInstance.java:357)] ?[33m    `-:::::--:::os+.?[34m   `/sssssss`   ./syyyyyys+/y+sssssssssssssssssssssssssssssssssssssssssssssssssssssssssssssssssssssy- `-:::://?[0m
[?[34m16:55:38.381 STDOUT (DEBUG) on Test worker utils.HLInstance.printMessage(HLInstance.java:357)] ?[33m   `-:::::::::+y/`?[34mS   .shhhhhdd:   `/hhhhhhhhhdo:/dddddddddddddddddhhhhhhhdddddddddddddddddddddddddddddddddddddddddddddo`.:////sy.?[0m
[?[34m16:55:38.382 STDOUT (DEBUG) on Test worker utils.HLInstance.printMessage(HLInstance.java:357)] ?[33m   ::::::::::so`?[34m     :yhhhhhmy`   .ohhhhhhhhhhd  `//oooooo+//////+hhhhhhdd+///////+++++++/////////////////+++++++/////-`-////+h+` `?[0m
[?[34m16:55:38.383 STDOUT (DEBUG) on Test worker utils.HLInstance.printMessage(HLInstance.java:357)] ?[33m  `://:::::y/ ?[34mU   `+hhhhhdm+    -yhhhhhdhhhhhm`  `oyyyyyhs     .shhhhhdh-  ``.-:::////:::-.       ``.-::::////::://  `://///o+:::::::-.?[0m
[?[34m16:55:38.384 STDOUT (DEBUG) on Test worker utils.HLInstance.printMessage(HLInstance.java:357)] ?[33m      `::::y/ ?[34m    .shhhhhdh-   `+hhhhhdd+shhhhd- -yhhhhhmo`    /yhhhhhms` .-://+ssso+++/////o   `.:://+ossoo+++o+oy- -/////+ssoo+//////h?[0m
[?[34m16:55:38.384 STDOUT (DEBUG) on Test worker utils.HLInstance.printMessage(HLInstance.java:357)] ?[33m      .:::/y ?[34mU   :yhhhhhms`   .shhhhhdy?[33m::?[34mhhhhhho+hhhhhdd:    `ohhhhhdd/ .:///oyo::-----////oy `-:///oyo:.`      `-``:////oy+-` `:////+h:?[0m
[?[34m16:55:38.385 STDOUT (DEBUG) on Test worker utils.HLInstance.printMessage(HLInstance.java:357)] ?[33m      -:::o: ?[34m  `+hhhhhdm/    :yhhhhddo?[33m:::?[34m+hhhhhhhhhhhms.    -yhhhhhdh. -////yo.`ooooooooooss``:////yo.            -/////yo`   .:////ys.?[0m
[?[34m16:55:38.389 STDOUT (DEBUG) on Test worker utils.HLInstance.printMessage(HLInstance.java:357)] ?[33m   ``.::::+-?[34m S .shhhhhdh-   `+hhhhhdd/?[33m::::?[34m/hhhhhhhhhdd/     /hhhhhhmo` `/////s```..----:+:..  -/////o``````..:.  `:////oh:   `-////+h/?[0m
[?[34m16:55:38.390 STDOUT (DEBUG) on Test worker utils.HLInstance.printMessage(HLInstance.java:357)] ?[33m`.-::::::::+ ?[34m:yhhhhhms`   .shhhhhmy?[33m:::::::?[34mhhhhhhhhdh.    `ohhhhhdd:    :++////:::///+oys`    `/++/////://++yo` .:////ys`   .:////ys.?[0m
[?[34m16:55:38.392 STDOUT (DEBUG) on Test worker utils.HLInstance.printMessage(HLInstance.java:357)] ?[33m-::::::::::/-?[34m/oooooo/     -sssyyyo?[33m:+o/++//?[34mhyssssss+`     .sssssss.      `-/++oooo++//:.        .:/+oooo++/:-   /ooooo:     :ooooo/?[0m
[?[34m16:55:38.393 STDOUT (DEBUG) on Test worker utils.HLInstance.printMessage(HLInstance.java:357)] ?[33m.:::::/o:::::-`               `.--:::os+```.---?[0m
[?[34m16:55:38.394 STDOUT (DEBUG) on Test worker utils.HLInstance.printMessage(HLInstance.java:357)] ?[33m :+ooo/.`::::::-..`````````.--::::+ss:`?[0m
[?[34m16:55:38.395 STDOUT (DEBUG) on Test worker utils.HLInstance.printMessage(HLInstance.java:357)] ?[33m  ``     `-/::::::::::::::::::::::s.?[0m
[?[34m16:55:38.396 STDOUT (DEBUG) on Test worker utils.HLInstance.printMessage(HLInstance.java:357)] ?[33m          `:::::::::::://+::::::::o-?[0m
[?[34m16:55:38.397 STDOUT (DEBUG) on Test worker utils.HLInstance.printMessage(HLInstance.java:357)] ?[33m         `:::::::/h////::.-:::::::y-?[0m
[?[34m16:55:38.398 STDOUT (DEBUG) on Test worker utils.HLInstance.printMessage(HLInstance.java:357)] ?[33m         :::::::ss`        -:/+sso:?[0m
[?[34m16:55:38.400 STDOUT (DEBUG) on Test worker utils.HLInstance.printMessage(HLInstance.java:357)] ?[33m         .:/++sy:          `//*/?[0m
[?[34m16:55:38.401 STDOUT (DEBUG) on Test worker utils.HLInstance.printMessage(HLInstance.java:357)] ______________________________________________________________________________________________________________________________________________?[0m
[?[34m16:55:38.402 STDOUT (DEBUG) on Test worker utils.Log.init(Log.java:292)] ?[32mDémarrage du service de log?[0m
[?[34m16:55:38.403 STDOUT (DEBUG) on Test worker utils.Log.init(Log.java:293)] ?[0m?[0m
Initialisation du compteur...
[?[34m16:55:38.409 STDOUT (DEBUG) on Test worker utils.Log.attemptInitLogOutput(Log.java:413)] Création du fichier de log './../logs/Thu Jul 08 16:55:38 UTC 2021 #50 - everything.log' à '/home/ubuntu/TechTheTiller-HighLevel/logs/Thu Jul 08 16:55:38 UTC 2021 #50 - everything.log'?[0m
[?[34m16:55:38.411 STDOUT (DEBUG) on Test worker utils.Log.attemptInitLogOutput(Log.java:417)] Réussite de la création du fichier de log './../logs/Thu Jul 08 16:55:38 UTC 2021 #50 - everything.log?[0m
[?[34m16:55:38.414 STDOUT (DEBUG) on Test worker utils.Log.attemptInitLogOutput(Log.java:421)] Ouverture du fichier de log './../logs/Thu Jul 08 16:55:38 UTC 2021 #50 - everything.log'?[0m
[?[34m16:55:38.416 STDOUT (DEBUG) on Test worker utils.Log.attemptInitLogOutput(Log.java:413)] Création du fichier de log './../logs/Thu Jul 08 16:55:38 UTC 2021 #50.log' à '/home/ubuntu/TechTheTiller-HighLevel/logs/Thu Jul 08 16:55:38 UTC 2021 #50.log'?[0m
[?[34m16:55:38.417 STDOUT (DEBUG) on Test worker utils.Log.attemptInitLogOutput(Log.java:417)] Réussite de la création du fichier de log './../logs/Thu Jul 08 16:55:38 UTC 2021 #50.log?[0m
[?[34m16:55:38.419 STDOUT (DEBUG) on Test worker utils.Log.attemptInitLogOutput(Log.java:421)] Ouverture du fichier de log './../logs/Thu Jul 08 16:55:38 UTC 2021 #50.log'?[0m
[?[34m16:55:38.420 STDOUT (DEBUG) on Test worker utils.Log.attemptInitLogOutput(Log.java:413)] Création du fichier de log './../logs/Thu Jul 08 16:55:38 UTC 2021 #50 - errors.log' à '/home/ubuntu/TechTheTiller-HighLevel/logs/Thu Jul 08 16:55:38 UTC 2021 #50 - errors.log'?[0m
[?[34m16:55:38.422 STDOUT (DEBUG) on Test worker utils.Log.attemptInitLogOutput(Log.java:417)] Réussite de la création du fichier de log './../logs/Thu Jul 08 16:55:38 UTC 2021 #50 - errors.log?[0m
[?[34m16:55:38.424 STDOUT (DEBUG) on Test worker utils.Log.attemptInitLogOutput(Log.java:421)] Ouverture du fichier de log './../logs/Thu Jul 08 16:55:38 UTC 2021 #50 - errors.log'?[0m
[?[34m16:55:38.450 STDOUT (DEBUG) on Test worker utils.HLInstance.<init>(HLInstance.java:104)] Version : 07e922f on master - [tests]?[0m
[?[34m16:55:38.456 STDOUT (DEBUG) on Test worker utils.HLInstance.<init>(HLInstance.java:112)] System : Linux 5.4.0-1038-raspi aarch64?[0m
[?[34m16:55:38.458 STDOUT (DEBUG) on Test worker utils.HLInstance.<init>(HLInstance.java:114)] Java : Private Build 14.0.2, max memory : 0.5G, available processors : 4?[0m
[?[34m16:55:38.459 STDOUT (DEBUG) on Test worker utils.HLInstance.<init>(HLInstance.java:117)] ?[0m
[?[34m16:55:38.460 STDOUT (DEBUG) on Test worker utils.HLInstance.<init>(HLInstance.java:119)]    Remember, with great power comes great current squared times resistance !
?[0m
[?[34m16:55:38.461 STDOUT (DEBUG) on Test worker utils.HLInstance.<init>(HLInstance.java:122)] Chargement de la config...?[0m
[?[34m16:55:38.465 STDOUT (DEBUG) on Test worker pfg.config.Config.readConfigFile(Config.java:166)] Loading config file : /home/ubuntu/TechTheTiller-HighLevel/T3HL-common/../config/config.txt?[0m
[?[34m16:55:38.485 STDOUT (DEBUG) on Test worker pfg.config.Config.printChangedValues(Config.java:465)] Configuration diff :?[0m
[?[34m16:55:38.486 STDOUT (DEBUG) on Test worker pfg.config.Config.printChangedValues(Config.java:469)]   visualisation = false (default : true)?[0m
[?[34m16:55:38.487 STDOUT (DEBUG) on Test worker pfg.config.Config.printChangedValues(Config.java:469)]   usingBaliseImage = false (default : true)?[0m
[?[34m16:55:38.488 STDOUT (DEBUG) on Test worker pfg.config.Config.printChangedValues(Config.java:469)]   usingPanel = false (default : true)?[0m
[?[34m16:55:38.489 STDOUT (DEBUG) on Test worker pfg.config.Config.printChangedValues(Config.java:469)]   connectToBuddy = false (default : true)?[0m
[?[34m16:55:38.490 STDOUT (DEBUG) on Test worker pfg.config.Config.printChangedValues(Config.java:469)]   buddyRay = 70 (default : 150)?[0m
[?[34m16:55:38.491 STDOUT (DEBUG) on Test worker pfg.config.Config.printChangedValues(Config.java:469)]   ennemyRay = 150 (default : 220)?[0m
[?[34m16:55:38.492 STDOUT (DEBUG) on Test worker pfg.config.Config.printChangedValues(Config.java:469)]   nbrNoeudsX = 30 (default : 45)?[0m
[?[34m16:55:38.493 STDOUT (DEBUG) on Test worker pfg.config.Config.printChangedValues(Config.java:469)]   nbrNoeudsY = 20 (default : 30)?[0m
[?[34m16:55:38.494 STDOUT (DEBUG) on Test worker pfg.config.Config.printChangedValues(Config.java:469)]   nbrNoeudsCircle = 14 (default : 12)?[0m
[?[34m16:55:38.495 DATA_HANDLER (DEBUG) on Test worker utils.HLInstance.module(HLInstance.java:271)] Initialisation du moduleClass OrderWrapper?[0m
[?[34m16:55:38.496 DATA_HANDLER (DEBUG) on Test worker utils.HLInstance.module(HLInstance.java:285)] Mise à jour de la config du moduleClass OrderWrapper après son initialisation.?[0m
[?[34m16:55:38.497 STDOUT (DEBUG) on Test worker pfg.config.Config.loadInto(Config.java:274)] Set private boolean orders.OrderWrapper.symetry to false?[0m
[?[34m16:55:38.499 STDOUT (DEBUG) on Test worker pfg.config.Config.loadInto(Config.java:274)] Set private boolean orders.OrderWrapper.simulation to false?[0m
[?[34m16:55:38.500 STDOUT (DEBUG) on Test worker pfg.config.Config.loadInto(Config.java:274)] Set private boolean orders.OrderWrapper.usingBaliseImage to false?[0m
[?[34m16:55:38.501 DATA_HANDLER (DEBUG) on Test worker utils.HLInstance.module(HLInstance.java:297)] Module OrderWrapper prêt?[0m
[?[34m16:55:38.510 DATA_HANDLER (DEBUG) on Test worker utils.HLInstance.module(HLInstance.java:271)] Initialisation du moduleClass ConnectionManager?[0m
[?[34m16:55:38.511 DATA_HANDLER (DEBUG) on Test worker utils.HLInstance.module(HLInstance.java:285)] Mise à jour de la config du moduleClass ConnectionManager après son initialisation.?[0m
[?[34m16:55:38.512 DATA_HANDLER (DEBUG) on Test worker utils.HLInstance.module(HLInstance.java:297)] Module ConnectionManager prêt?[0m
[?[34m16:55:38.515 COMMUNICATION (DEBUG) on Thread-10 utils.communication.SocketServerInterface$1.run(SocketServerInterface.java:57)] Creating socket waiting connection on port 13550?[0m
[?[34m16:55:38.517 COMMUNICATION (DEBUG) on Thread-10 utils.communication.SocketServerInterface$1.run(SocketServerInterface.java:60)] Receive buffer size on null is 65536?[0m
[?[34m16:55:38.521 COMMUNICATION (DEBUG) on Thread-10 utils.communication.SocketServerInterface$1.run(SocketServerInterface.java:71)] Waiting connection on port 13550?[0m
[?[34m16:55:38.571 COMMUNICATION (DEBUG) on SocketClient(localhost:13550) utils.communication.SocketClientInterface.lambda$init$0(SocketClientInterface.java:51)] Trying to connect to localhost on port 13550?[0m
[?[34m16:55:38.574 COMMUNICATION (DEBUG) on Thread-10 utils.communication.SocketServerInterface$1.run(SocketServerInterface.java:77)] Connection accepted on port 13550?[0m
[?[34m16:55:38.576 COMMUNICATION (DEBUG) on Thread-10 utils.communication.SocketServerInterface$1.run(SocketServerInterface.java:79)] Connection initialized on port 13550?[0m
[?[34m16:55:38.577 COMMUNICATION (DEBUG) on Thread-10 utils.communication.SocketServerInterface$1.run(SocketServerInterface.java:81)] Initialized connection with a 'ping'?[0m
[?[34m16:55:38.581 COMMUNICATION (DEBUG) on Thread-10 utils.communication.SocketServerInterface$1.run(SocketServerInterface.java:71)] Waiting connection on port 13550?[0m
[?[34m16:55:38.583 COMMUNICATION (DEBUG) on SocketClient(localhost:13550) utils.communication.SocketClientInterface.lambda$init$0(SocketClientInterface.java:53)] Socket created to localhost on port 13550?[0m
[?[34m16:55:38.584 COMMUNICATION (DEBUG) on SocketClient(localhost:13550) utils.communication.SocketClientInterface.lambda$init$0(SocketClientInterface.java:70)] SUCCESS to connect to localhost on port 13550?[0m
[?[34m16:55:38.627 ORDERS (DEBUG) on Test worker jdk.internal.reflect.NativeMethodAccessorImpl.invoke0(NativeMethodAccessorImpl.java:-2)] Sent to LL: maxro 3.00000?[0m
[?[34m16:55:38.651 COMMUNICATION (DEBUG) on Test worker utils.communication.SocketServerInterface.read(SocketServerInterface.java:107)] >> READ: maxro 3.00000?[0m
[?[34m16:55:39.378 STDOUT (DEBUG) on Test worker org.gradle.api.internal.tasks.testing.processors.CaptureTestOutputTestResultProcessor.completed(CaptureTestOutputTestResultProcessor.java:80)] ?[0m
[?[34m16:55:39.385 STDOUT (DEBUG) on Finalizer utils.Log.close(Log.java:435)] ?[32mFermeture du service de log?[0m
[?[34m16:55:39.387 STDOUT (DEBUG) on Finalizer utils.HLInstance.printMessage(HLInstance.java:357)]     	       _____?[0m
[?[34m16:55:39.388 STDOUT (DEBUG) on Finalizer utils.HLInstance.printMessage(HLInstance.java:357)]               /     \?[0m
[?[34m16:55:39.388 STDOUT (DEBUG) on Test worker org.gradle.api.internal.tasks.testing.processors.CaptureTestOutputTestResultProcessor.started(CaptureTestOutputTestResultProcessor.java:51)]               /     \?[0m
[?[34m16:55:39.391 STDOUT (DEBUG) on Finalizer utils.HLInstance.printMessage(HLInstance.java:357)]               vvvvvvv  /|__/|?[0m
[?[34m16:55:39.392 STDOUT (DEBUG) on Finalizer utils.HLInstance.printMessage(HLInstance.java:357)]                  I   /O,O   |?[0m
[?[34m16:55:39.393 COMMUNICATION (DEBUG) on Thread-10 utils.communication.SocketServerInterface$1.run(SocketServerInterface.java:71)] Waiting connection on port 13550?[0m
[?[34m16:55:39.393 STDOUT (DEBUG) on Finalizer utils.HLInstance.printMessage(HLInstance.java:357)]                  I /_____   |      /|/|?[0m
[?[34m16:55:39.394 STDOUT (DEBUG) on Finalizer utils.HLInstance.printMessage(HLInstance.java:357)]                 J|/^ ^ ^ \  |    /00  |    _//|?[0m
[?[34m16:55:39.395 STDOUT (DEBUG) on Finalizer utils.HLInstance.printMessage(HLInstance.java:357)]                  |^ ^ ^ ^ |W|   |/^^\ |   /oo |?[0m
[?[34m16:55:39.395 STDOUT (DEBUG) on Finalizer utils.HLInstance.printMessage(HLInstance.java:357)]                   \m___m__|_|    \m_m_|   \mm_|?[0m
[?[34m16:55:39.411 STDOUT (DEBUG) on Test worker utils.HLInstance.printMessage(HLInstance.java:357)] ?[33m                   /*``.           `-:--.`?[0m
[?[34m16:55:39.412 STDOUT (DEBUG) on Test worker utils.HLInstance.printMessage(HLInstance.java:357)] ?[33m                  `.-::::/.        .:::::::y?[0m
[?[34m16:55:39.413 STDOUT (DEBUG) on Test worker utils.HLInstance.printMessage(HLInstance.java:357)] ?[33m                 `::::::::o``````.-::::::/h-?[0m
[?[34m16:55:39.414 STDOUT (DEBUG) on Test worker utils.HLInstance.printMessage(HLInstance.java:357)] ?[33m                 `::::::::::::::::::::::/h.?[0m
[?[34m16:55:39.415 STDOUT (DEBUG) on Test worker utils.HLInstance.printMessage(HLInstance.java:357)] ?[33m                  -::::::://++++//::::::::.?[0m
[?[34m16:55:39.416 STDOUT (DEBUG) on Test worker utils.HLInstance.printMessage(HLInstance.java:357)] ?[33m               `-::::/oso+/:-....--://:::::-.``.---:`?[0m
[?[34m16:55:39.417 STDOUT (DEBUG) on Test worker utils.HLInstance.printMessage(HLInstance.java:357)] ?[33m      ````   .-:::/so/-      ``````  `.:::::::::::::+ ?[34m``````````````````````````````````````````````````````````````````````?[0m
[?[34m16:55:39.418 STDOUT (DEBUG) on Test worker utils.HLInstance.printMessage(HLInstance.java:357)] ?[33m    `-:::::--:::os+.?[34m   `/sssssss`   ./syyyyyys+/y+sssssssssssssssssssssssssssssssssssssssssssssssssssssssssssssssssssssy- `-:::://?[0m
[?[34m16:55:39.419 STDOUT (DEBUG) on Test worker utils.HLInstance.printMessage(HLInstance.java:357)] ?[33m   `-:::::::::+y/`?[34mS   .shhhhhdd:   `/hhhhhhhhhdo:/dddddddddddddddddhhhhhhhdddddddddddddddddddddddddddddddddddddddddddddo`.:////sy.?[0m
[?[34m16:55:39.420 STDOUT (DEBUG) on Test worker utils.HLInstance.printMessage(HLInstance.java:357)] ?[33m   ::::::::::so`?[34m     :yhhhhhmy`   .ohhhhhhhhhhd  `//oooooo+//////+hhhhhhdd+///////+++++++/////////////////+++++++/////-`-////+h+` `?[0m
[?[34m16:55:39.421 STDOUT (DEBUG) on Test worker utils.HLInstance.printMessage(HLInstance.java:357)] ?[33m  `://:::::y/ ?[34mU   `+hhhhhdm+    -yhhhhhdhhhhhm`  `oyyyyyhs     .shhhhhdh-  ``.-:::////:::-.       ``.-::::////::://  `://///o+:::::::-.?[0m
[?[34m16:55:39.422 STDOUT (DEBUG) on Test worker utils.HLInstance.printMessage(HLInstance.java:357)] ?[33m      `::::y/ ?[34m    .shhhhhdh-   `+hhhhhdd+shhhhd- -yhhhhhmo`    /yhhhhhms` .-://+ssso+++/////o   `.:://+ossoo+++o+oy- -/////+ssoo+//////h?[0m
[?[34m16:55:39.423 STDOUT (DEBUG) on Test worker utils.HLInstance.printMessage(HLInstance.java:357)] ?[33m      .:::/y ?[34mU   :yhhhhhms`   .shhhhhdy?[33m::?[34mhhhhhho+hhhhhdd:    `ohhhhhdd/ .:///oyo::-----////oy `-:///oyo:.`      `-``:////oy+-` `:////+h:?[0m
[?[34m16:55:39.438 STDOUT (DEBUG) on Finalizer utils.HLInstance.printMessage(HLInstance.java:357)] ?[33m                   /*``.           `-:--.`
?[0m
[?[34m16:55:39.439 STDOUT (DEBUG) on Finalizer utils.HLInstance.printMessage(HLInstance.java:357)] ------------------------- TOTORO'S END -------------------------?[0m
[?[34m16:55:39.440 STDOUT (DEBUG) on Test worker utils.HLInstance.printMessage(HLInstance.java:357)] ------------------------- TOTORO'S END -------------------------
?[33m      -:::o: ?[34m  `+hhhhhdm/    :yhhhhddo?[33m:::?[34m+hhhhhhhhhhhms.    -yhhhhhdh. -////yo.`ooooooooooss``:////yo.            -/////yo`   .:////ys.?[0m
[?[34m16:55:39.442 STDOUT (DEBUG) on Test worker utils.HLInstance.printMessage(HLInstance.java:357)] ?[33m   ``.::::+-?[34m S .shhhhhdh-   `+hhhhhdd/?[33m::::?[34m/hhhhhhhhhdd/     /hhhhhhmo` `/////s```..----:+:..  -/////o``````..:.  `:////oh:   `-////+h/?[0m
[?[34m16:55:39.443 STDOUT (DEBUG) on Test worker utils.HLInstance.printMessage(HLInstance.java:357)] ?[33m`.-::::::::+ ?[34m:yhhhhhms`   .shhhhhmy?[33m:::::::?[34mhhhhhhhhdh.    `ohhhhhdd:    :++////:::///+oys`    `/++/////://++yo` .:////ys`   .:////ys.?[0m
[?[34m16:55:39.444 STDOUT (DEBUG) on Test worker utils.HLInstance.printMessage(HLInstance.java:357)] ?[33m-::::::::::/-?[34m/oooooo/     -sssyyyo?[33m:+o/++//?[34mhyssssss+`     .sssssss.      `-/++oooo++//:.        .:/+oooo++/:-   /ooooo:     :ooooo/?[0m
[?[34m16:55:39.445 STDOUT (DEBUG) on Test worker utils.HLInstance.printMessage(HLInstance.java:357)] ?[33m.:::::/o:::::-`               `.--:::os+```.---?[0m
[?[34m16:55:39.446 STDOUT (DEBUG) on Test worker utils.HLInstance.printMessage(HLInstance.java:357)] ?[33m :+ooo/.`::::::-..`````````.--::::+ss:`?[0m
[?[34m16:55:39.447 STDOUT (DEBUG) on Test worker utils.HLInstance.printMessage(HLInstance.java:357)] ?[33m  ``     `-/::::::::::::::::::::::s.?[0m
[?[34m16:55:39.448 STDOUT (DEBUG) on Test worker utils.HLInstance.printMessage(HLInstance.java:357)] ?[33m          `:::::::::::://+::::::::o-?[0m
[?[34m16:55:39.449 STDOUT (DEBUG) on Test worker utils.HLInstance.printMessage(HLInstance.java:357)] ?[33m         `:::::::/h////::.-:::::::y-?[0m
[?[34m16:55:39.466 STDOUT (DEBUG) on Test worker utils.HLInstance.printMessage(HLInstance.java:357)] ?[33m         :::::::ss`        -:/+sso:?[0m
[?[34m16:55:39.468 STDOUT (DEBUG) on Test worker utils.HLInstance.printMessage(HLInstance.java:357)] ?[33m         .:/++sy:          `//*/?[0m
[?[34m16:55:39.471 STDOUT (DEBUG) on Test worker utils.HLInstance.printMessage(HLInstance.java:357)] ______________________________________________________________________________________________________________________________________________?[0m
[?[34m16:55:39.472 STDOUT (DEBUG) on Test worker utils.Log.init(Log.java:292)] ?[32mDémarrage du service de log?[0m
[?[34m16:55:39.473 STDOUT (DEBUG) on Test worker utils.Log.init(Log.java:293)] ?[0m?[0m
Initialisation du compteur...
[?[34m16:55:39.491 STDOUT (DEBUG) on Test worker utils.Log.attemptInitLogOutput(Log.java:413)] Création du fichier de log './../logs/Thu Jul 08 16:55:39 UTC 2021 #51 - everything.log' à '/home/ubuntu/TechTheTiller-HighLevel/logs/Thu Jul 08 16:55:39 UTC 2021 #51 - everything.log'?[0m
[?[34m16:55:39.492 STDOUT (DEBUG) on Test worker utils.Log.attemptInitLogOutput(Log.java:417)] Réussite de la création du fichier de log './../logs/Thu Jul 08 16:55:39 UTC 2021 #51 - everything.log?[0m
[?[34m16:55:39.493 STDOUT (DEBUG) on Test worker utils.Log.attemptInitLogOutput(Log.java:421)] Ouverture du fichier de log './../logs/Thu Jul 08 16:55:39 UTC 2021 #51 - everything.log'?[0m
[?[34m16:55:39.499 STDOUT (DEBUG) on Test worker utils.Log.attemptInitLogOutput(Log.java:413)] Création du fichier de log './../logs/Thu Jul 08 16:55:39 UTC 2021 #51.log' à '/home/ubuntu/TechTheTiller-HighLevel/logs/Thu Jul 08 16:55:39 UTC 2021 #51.log'?[0m
[?[34m16:55:39.511 STDOUT (DEBUG) on Test worker utils.Log.attemptInitLogOutput(Log.java:417)] Réussite de la création du fichier de log './../logs/Thu Jul 08 16:55:39 UTC 2021 #51.log?[0m
[?[34m16:55:39.517 STDOUT (DEBUG) on Test worker utils.Log.attemptInitLogOutput(Log.java:421)] Ouverture du fichier de log './../logs/Thu Jul 08 16:55:39 UTC 2021 #51.log'?[0m
[?[34m16:55:39.519 STDOUT (DEBUG) on Test worker utils.Log.attemptInitLogOutput(Log.java:413)] Création du fichier de log './../logs/Thu Jul 08 16:55:39 UTC 2021 #51 - errors.log' à '/home/ubuntu/TechTheTiller-HighLevel/logs/Thu Jul 08 16:55:39 UTC 2021 #51 - errors.log'?[0m
[?[34m16:55:39.521 STDOUT (DEBUG) on Test worker utils.Log.attemptInitLogOutput(Log.java:417)] Réussite de la création du fichier de log './../logs/Thu Jul 08 16:55:39 UTC 2021 #51 - errors.log?[0m
[?[34m16:55:39.524 STDOUT (DEBUG) on Test worker utils.Log.attemptInitLogOutput(Log.java:421)] Ouverture du fichier de log './../logs/Thu Jul 08 16:55:39 UTC 2021 #51 - errors.log'?[0m
[?[34m16:55:39.596 STDOUT (DEBUG) on Test worker utils.HLInstance.<init>(HLInstance.java:104)] Version : 07e922f on master - [tests]?[0m
[?[34m16:55:39.597 STDOUT (DEBUG) on Test worker utils.HLInstance.<init>(HLInstance.java:112)] System : Linux 5.4.0-1038-raspi aarch64?[0m
[?[34m16:55:39.599 STDOUT (DEBUG) on Test worker utils.HLInstance.<init>(HLInstance.java:114)] Java : Private Build 14.0.2, max memory : 0.5G, available processors : 4?[0m
[?[34m16:55:39.611 STDOUT (DEBUG) on Test worker utils.HLInstance.<init>(HLInstance.java:117)] ?[0m
[?[34m16:55:39.612 STDOUT (DEBUG) on Test worker utils.HLInstance.<init>(HLInstance.java:119)]    Remember, with great power comes great current squared times resistance !
?[0m
[?[34m16:55:39.614 STDOUT (DEBUG) on Test worker utils.HLInstance.<init>(HLInstance.java:122)] Chargement de la config...?[0m
[?[34m16:55:39.618 STDOUT (DEBUG) on Test worker pfg.config.Config.readConfigFile(Config.java:166)] Loading config file : /home/ubuntu/TechTheTiller-HighLevel/T3HL-common/../config/config.txt?[0m
[?[34m16:55:39.660 STDOUT (DEBUG) on Test worker pfg.config.Config.printChangedValues(Config.java:465)] Configuration diff :?[0m
[?[34m16:55:39.661 STDOUT (DEBUG) on Test worker pfg.config.Config.printChangedValues(Config.java:469)]   visualisation = false (default : true)?[0m
[?[34m16:55:39.674 STDOUT (DEBUG) on Test worker pfg.config.Config.printChangedValues(Config.java:469)]   usingBaliseImage = false (default : true)?[0m
[?[34m16:55:39.676 STDOUT (DEBUG) on Test worker pfg.config.Config.printChangedValues(Config.java:469)]   usingPanel = false (default : true)?[0m
[?[34m16:55:39.677 STDOUT (DEBUG) on Test worker pfg.config.Config.printChangedValues(Config.java:469)]   connectToBuddy = false (default : true)?[0m
[?[34m16:55:39.679 STDOUT (DEBUG) on Test worker pfg.config.Config.printChangedValues(Config.java:469)]   buddyRay = 70 (default : 150)?[0m
[?[34m16:55:39.680 STDOUT (DEBUG) on Test worker pfg.config.Config.printChangedValues(Config.java:469)]   ennemyRay = 150 (default : 220)?[0m
[?[34m16:55:39.681 STDOUT (DEBUG) on Test worker pfg.config.Config.printChangedValues(Config.java:469)]   nbrNoeudsX = 30 (default : 45)?[0m
[?[34m16:55:39.682 STDOUT (DEBUG) on Test worker pfg.config.Config.printChangedValues(Config.java:469)]   nbrNoeudsY = 20 (default : 30)?[0m
[?[34m16:55:39.683 STDOUT (DEBUG) on Test worker pfg.config.Config.printChangedValues(Config.java:469)]   nbrNoeudsCircle = 14 (default : 12)?[0m
[?[34m16:55:39.684 DATA_HANDLER (DEBUG) on Test worker utils.HLInstance.module(HLInstance.java:271)] Initialisation du moduleClass OrderWrapper?[0m
[?[34m16:55:39.686 DATA_HANDLER (DEBUG) on Test worker utils.HLInstance.module(HLInstance.java:285)] Mise à jour de la config du moduleClass OrderWrapper après son initialisation.?[0m
[?[34m16:55:39.687 STDOUT (DEBUG) on Test worker pfg.config.Config.loadInto(Config.java:274)] Set private boolean orders.OrderWrapper.symetry to false?[0m
[?[34m16:55:39.691 STDOUT (DEBUG) on Test worker pfg.config.Config.loadInto(Config.java:274)] Set private boolean orders.OrderWrapper.simulation to false?[0m
[?[34m16:55:39.695 STDOUT (DEBUG) on Test worker pfg.config.Config.loadInto(Config.java:274)] Set private boolean orders.OrderWrapper.usingBaliseImage to false?[0m
[?[34m16:55:39.699 DATA_HANDLER (DEBUG) on Test worker utils.HLInstance.module(HLInstance.java:297)] Module OrderWrapper prêt?[0m
[?[34m16:55:39.701 DATA_HANDLER (DEBUG) on Test worker utils.HLInstance.module(HLInstance.java:271)] Initialisation du moduleClass ConnectionManager?[0m
[?[34m16:55:39.704 DATA_HANDLER (DEBUG) on Test worker utils.HLInstance.module(HLInstance.java:285)] Mise à jour de la config du moduleClass ConnectionManager après son initialisation.?[0m
[?[34m16:55:39.705 DATA_HANDLER (DEBUG) on Test worker utils.HLInstance.module(HLInstance.java:297)] Module ConnectionManager prêt?[0m
[?[34m16:55:39.719 COMMUNICATION (DEBUG) on Thread-12 utils.communication.SocketServerInterface$1.run(SocketServerInterface.java:57)] Creating socket waiting connection on port 13550?[0m
[?[34m16:55:39.721 COMMUNICATION (DEBUG) on Thread-12 utils.communication.SocketServerInterface$1.run(SocketServerInterface.java:60)] Receive buffer size on null is 65536?[0m
[?[34m16:55:39.735 COMMUNICATION (DEBUG) on Thread-12 utils.communication.SocketServerInterface$1.run(SocketServerInterface.java:71)] Waiting connection on port 13550?[0m
[?[34m16:55:39.783 COMMUNICATION (DEBUG) on SocketClient(localhost:13550) utils.communication.SocketClientInterface.lambda$init$0(SocketClientInterface.java:51)] Trying to connect to localhost on port 13550?[0m
[?[34m16:55:39.799 COMMUNICATION (DEBUG) on Thread-12 utils.communication.SocketServerInterface$1.run(SocketServerInterface.java:77)] Connection accepted on port 13550?[0m
[?[34m16:55:39.800 COMMUNICATION (DEBUG) on Thread-12 utils.communication.SocketServerInterface$1.run(SocketServerInterface.java:79)] Connection initialized on port 13550?[0m
[?[34m16:55:39.802 COMMUNICATION (DEBUG) on Thread-12 utils.communication.SocketServerInterface$1.run(SocketServerInterface.java:81)] Initialized connection with a 'ping'?[0m
[?[34m16:55:39.803 COMMUNICATION (DEBUG) on Thread-12 utils.communication.SocketServerInterface$1.run(SocketServerInterface.java:71)] Waiting connection on port 13550?[0m
[?[34m16:55:39.804 COMMUNICATION (DEBUG) on SocketClient(localhost:13550) utils.communication.SocketClientInterface.lambda$init$0(SocketClientInterface.java:53)] Socket created to localhost on port 13550?[0m
[?[34m16:55:39.818 COMMUNICATION (DEBUG) on SocketClient(localhost:13550) utils.communication.SocketClientInterface.lambda$init$0(SocketClientInterface.java:70)] SUCCESS to connect to localhost on port 13550?[0m
[?[34m16:55:39.833 ORDERS (DEBUG) on Test worker jdk.internal.reflect.NativeMethodAccessorImpl.invoke0(NativeMethodAccessorImpl.java:-2)] Sent to LL: cxyo 2 3 1.57080?[0m
[?[34m16:55:39.859 COMMUNICATION (DEBUG) on Test worker utils.communication.SocketServerInterface.read(SocketServerInterface.java:107)] >> READ: cxyo 2 3 1.57080?[0m
[?[34m16:55:40.877 STDOUT (DEBUG) on Test worker org.gradle.api.internal.tasks.testing.processors.CaptureTestOutputTestResultProcessor.completed(CaptureTestOutputTestResultProcessor.java:80)] ?[0m
[?[34m16:55:40.882 STDOUT (DEBUG) on Test worker org.gradle.api.internal.tasks.testing.processors.CaptureTestOutputTestResultProcessor.started(CaptureTestOutputTestResultProcessor.java:51)] ?[0m
[?[34m16:55:40.884 STDOUT (DEBUG) on Finalizer utils.Log.close(Log.java:435)] ?[32mFermeture du service de log?[0m
[?[34m16:55:40.886 STDOUT (DEBUG) on Finalizer utils.HLInstance.printMessage(HLInstance.java:357)]     	       _____?[0m
[?[34m16:55:40.888 STDOUT (DEBUG) on Finalizer utils.HLInstance.printMessage(HLInstance.java:357)]               /     \?[0m
[?[34m16:55:40.889 STDOUT (DEBUG) on Finalizer utils.HLInstance.printMessage(HLInstance.java:357)]               vvvvvvv  /|__/|?[0m
[?[34m16:55:40.889 STDOUT (DEBUG) on Finalizer utils.HLInstance.printMessage(HLInstance.java:357)]                  I   /O,O   |?[0m
[?[34m16:55:40.890 STDOUT (DEBUG) on Finalizer utils.HLInstance.printMessage(HLInstance.java:357)]                  I /_____   |      /|/|?[0m
[?[34m16:55:40.891 STDOUT (DEBUG) on Finalizer utils.HLInstance.printMessage(HLInstance.java:357)]                 J|/^ ^ ^ \  |    /00  |    _//|?[0m
[?[34m16:55:40.892 STDOUT (DEBUG) on Finalizer utils.HLInstance.printMessage(HLInstance.java:357)]                  |^ ^ ^ ^ |W|   |/^^\ |   /oo |?[0m
[?[34m16:55:40.909 STDOUT (DEBUG) on Test worker utils.HLInstance.printMessage(HLInstance.java:357)] ?[32mFermeture du service de log
?[33m                   /*``.           `-:--.`?[0m
[?[34m16:55:40.910 STDOUT (DEBUG) on Test worker utils.HLInstance.printMessage(HLInstance.java:357)] ?[33m                  `.-::::/.        .:::::::y?[0m
[?[34m16:55:40.909 COMMUNICATION (DEBUG) on Thread-12 utils.communication.SocketServerInterface$1.run(SocketServerInterface.java:71)] Waiting connection on port 13550?[0m
[?[34m16:55:40.911 STDOUT (DEBUG) on Test worker utils.HLInstance.printMessage(HLInstance.java:357)] ?[33m                 `::::::::o``````.-::::::/h-?[0m
[?[34m16:55:40.912 STDOUT (DEBUG) on Finalizer utils.HLInstance.printMessage(HLInstance.java:357)]                   \m___m__|_|    \m_m_|   \mm_|?[0m
[?[34m16:55:40.913 STDOUT (DEBUG) on Finalizer utils.HLInstance.printMessage(HLInstance.java:357)] ?[0m
[?[34m16:55:40.913 STDOUT (DEBUG) on Test worker utils.HLInstance.printMessage(HLInstance.java:357)] ?[33m                 `::::::::::::::::::::::/h.?[0m
[?[34m16:55:40.917 STDOUT (DEBUG) on Finalizer utils.HLInstance.printMessage(HLInstance.java:357)] ------------------------- TOTORO'S END -------------------------?[0m
[?[34m16:55:40.918 STDOUT (DEBUG) on Test worker utils.HLInstance.printMessage(HLInstance.java:357)] ?[33m                  -::::::://++++//::::::::.?[0m
[?[34m16:55:40.923 STDOUT (DEBUG) on Test worker utils.HLInstance.printMessage(HLInstance.java:357)] ?[33m               `-::::/oso+/:-....--://:::::-.``.---:`?[0m
[?[34m16:55:40.929 STDOUT (DEBUG) on Test worker utils.HLInstance.printMessage(HLInstance.java:357)] ?[33m      ````   .-:::/so/-      ``````  `.:::::::::::::+ ?[34m``````````````````````````````````````````````````````````````````````?[0m
[?[34m16:55:40.946 STDOUT (DEBUG) on Test worker utils.HLInstance.printMessage(HLInstance.java:357)] ?[33m    `-:::::--:::os+.?[34m   `/sssssss`   ./syyyyyys+/y+sssssssssssssssssssssssssssssssssssssssssssssssssssssssssssssssssssssy- `-:::://?[0m
[?[34m16:55:40.966 STDOUT (DEBUG) on Test worker utils.HLInstance.printMessage(HLInstance.java:357)] ?[33m   `-:::::::::+y/`?[34mS   .shhhhhdd:   `/hhhhhhhhhdo:/dddddddddddddddddhhhhhhhdddddddddddddddddddddddddddddddddddddddddddddo`.:////sy.?[0m
[?[34m16:55:40.981 STDOUT (DEBUG) on Test worker utils.HLInstance.printMessage(HLInstance.java:357)] ?[33m   ::::::::::so`?[34m     :yhhhhhmy`   .ohhhhhhhhhhd  `//oooooo+//////+hhhhhhdd+///////+++++++/////////////////+++++++/////-`-////+h+` `?[0m
[?[34m16:55:40.992 STDOUT (DEBUG) on Test worker utils.HLInstance.printMessage(HLInstance.java:357)] ?[33m  `://:::::y/ ?[34mU   `+hhhhhdm+    -yhhhhhdhhhhhm`  `oyyyyyhs     .shhhhhdh-  ``.-:::////:::-.       ``.-::::////::://  `://///o+:::::::-.?[0m
[?[34m16:55:40.995 STDOUT (DEBUG) on Test worker utils.HLInstance.printMessage(HLInstance.java:357)] ?[33m      `::::y/ ?[34m    .shhhhhdh-   `+hhhhhdd+shhhhd- -yhhhhhmo`    /yhhhhhms` .-://+ssso+++/////o   `.:://+ossoo+++o+oy- -/////+ssoo+//////h?[0m
[?[34m16:55:40.997 STDOUT (DEBUG) on Test worker utils.HLInstance.printMessage(HLInstance.java:357)] ?[33m      .:::/y ?[34mU   :yhhhhhms`   .shhhhhdy?[33m::?[34mhhhhhho+hhhhhdd:    `ohhhhhdd/ .:///oyo::-----////oy `-:///oyo:.`      `-``:////oy+-` `:////+h:?[0m
[?[34m16:55:41.007 STDOUT (DEBUG) on Test worker utils.HLInstance.printMessage(HLInstance.java:357)] ?[33m      -:::o: ?[34m  `+hhhhhdm/    :yhhhhddo?[33m:::?[34m+hhhhhhhhhhhms.    -yhhhhhdh. -////yo.`ooooooooooss``:////yo.            -/////yo`   .:////ys.?[0m
[?[34m16:55:41.008 STDOUT (DEBUG) on Test worker utils.HLInstance.printMessage(HLInstance.java:357)] ?[33m   ``.::::+-?[34m S .shhhhhdh-   `+hhhhhdd/?[33m::::?[34m/hhhhhhhhhdd/     /hhhhhhmo` `/////s```..----:+:..  -/////o``````..:.  `:////oh:   `-////+h/?[0m
[?[34m16:55:41.012 STDOUT (DEBUG) on Test worker utils.HLInstance.printMessage(HLInstance.java:357)] ?[33m`.-::::::::+ ?[34m:yhhhhhms`   .shhhhhmy?[33m:::::::?[34mhhhhhhhhdh.    `ohhhhhdd:    :++////:::///+oys`    `/++/////://++yo` .:////ys`   .:////ys.?[0m
[?[34m16:55:41.012 STDOUT (DEBUG) on Test worker utils.HLInstance.printMessage(HLInstance.java:357)] ?[33m-::::::::::/-?[34m/oooooo/     -sssyyyo?[33m:+o/++//?[34mhyssssss+`     .sssssss.      `-/++oooo++//:.        .:/+oooo++/:-   /ooooo:     :ooooo/?[0m
[?[34m16:55:41.021 STDOUT (DEBUG) on Test worker utils.HLInstance.printMessage(HLInstance.java:357)] ?[33m.:::::/o:::::-`               `.--:::os+```.---?[0m
[?[34m16:55:41.027 STDOUT (DEBUG) on Test worker utils.HLInstance.printMessage(HLInstance.java:357)] ?[33m :+ooo/.`::::::-..`````````.--::::+ss:`?[0m
[?[34m16:55:41.029 STDOUT (DEBUG) on Test worker utils.HLInstance.printMessage(HLInstance.java:357)] ?[33m  ``     `-/::::::::::::::::::::::s.?[0m
[?[34m16:55:41.031 STDOUT (DEBUG) on Test worker utils.HLInstance.printMessage(HLInstance.java:357)] ?[33m          `:::::::::::://+::::::::o-?[0m
[?[34m16:55:41.032 STDOUT (DEBUG) on Test worker utils.HLInstance.printMessage(HLInstance.java:357)] ?[33m         `:::::::/h////::.-:::::::y-?[0m
[?[34m16:55:41.034 STDOUT (DEBUG) on Test worker utils.HLInstance.printMessage(HLInstance.java:357)] ?[33m         :::::::ss`        -:/+sso:?[0m
[?[34m16:55:41.036 STDOUT (DEBUG) on Test worker utils.HLInstance.printMessage(HLInstance.java:357)] ?[33m         .:/++sy:          `//*/?[0m
[?[34m16:55:41.038 STDOUT (DEBUG) on Test worker utils.HLInstance.printMessage(HLInstance.java:357)] ______________________________________________________________________________________________________________________________________________?[0m
[?[34m16:55:41.040 STDOUT (DEBUG) on Test worker utils.Log.init(Log.java:292)] ?[32mDémarrage du service de log?[0m
[?[34m16:55:41.042 STDOUT (DEBUG) on Test worker utils.Log.init(Log.java:293)] ?[0m?[0m
Initialisation du compteur...
[?[34m16:55:41.047 STDOUT (DEBUG) on Test worker utils.Log.attemptInitLogOutput(Log.java:413)] Création du fichier de log './../logs/Thu Jul 08 16:55:41 UTC 2021 #52 - everything.log' à '/home/ubuntu/TechTheTiller-HighLevel/logs/Thu Jul 08 16:55:41 UTC 2021 #52 - everything.log'?[0m
[?[34m16:55:41.050 STDOUT (DEBUG) on Test worker utils.Log.attemptInitLogOutput(Log.java:417)] Réussite de la création du fichier de log './../logs/Thu Jul 08 16:55:41 UTC 2021 #52 - everything.log?[0m
[?[34m16:55:41.052 STDOUT (DEBUG) on Test worker utils.Log.attemptInitLogOutput(Log.java:421)] Ouverture du fichier de log './../logs/Thu Jul 08 16:55:41 UTC 2021 #52 - everything.log'?[0m
[?[34m16:55:41.055 STDOUT (DEBUG) on Test worker utils.Log.attemptInitLogOutput(Log.java:413)] Création du fichier de log './../logs/Thu Jul 08 16:55:41 UTC 2021 #52.log' à '/home/ubuntu/TechTheTiller-HighLevel/logs/Thu Jul 08 16:55:41 UTC 2021 #52.log'?[0m
[?[34m16:55:41.057 STDOUT (DEBUG) on Test worker utils.Log.attemptInitLogOutput(Log.java:417)] Réussite de la création du fichier de log './../logs/Thu Jul 08 16:55:41 UTC 2021 #52.log?[0m
[?[34m16:55:41.059 STDOUT (DEBUG) on Test worker utils.Log.attemptInitLogOutput(Log.java:421)] Ouverture du fichier de log './../logs/Thu Jul 08 16:55:41 UTC 2021 #52.log'?[0m
[?[34m16:55:41.062 STDOUT (DEBUG) on Test worker utils.Log.attemptInitLogOutput(Log.java:413)] Création du fichier de log './../logs/Thu Jul 08 16:55:41 UTC 2021 #52 - errors.log' à '/home/ubuntu/TechTheTiller-HighLevel/logs/Thu Jul 08 16:55:41 UTC 2021 #52 - errors.log'?[0m
[?[34m16:55:41.064 STDOUT (DEBUG) on Test worker utils.Log.attemptInitLogOutput(Log.java:417)] Réussite de la création du fichier de log './../logs/Thu Jul 08 16:55:41 UTC 2021 #52 - errors.log?[0m
[?[34m16:55:41.066 STDOUT (DEBUG) on Test worker utils.Log.attemptInitLogOutput(Log.java:421)] Ouverture du fichier de log './../logs/Thu Jul 08 16:55:41 UTC 2021 #52 - errors.log'?[0m
[?[34m16:55:41.118 STDOUT (DEBUG) on Test worker utils.HLInstance.<init>(HLInstance.java:104)] Version : 07e922f on master - [tests]?[0m
[?[34m16:55:41.119 STDOUT (DEBUG) on Test worker utils.HLInstance.<init>(HLInstance.java:112)] System : Linux 5.4.0-1038-raspi aarch64?[0m
[?[34m16:55:41.120 STDOUT (DEBUG) on Test worker utils.HLInstance.<init>(HLInstance.java:114)] Java : Private Build 14.0.2, max memory : 0.5G, available processors : 4?[0m
[?[34m16:55:41.121 STDOUT (DEBUG) on Test worker utils.HLInstance.<init>(HLInstance.java:117)] ?[0m
[?[34m16:55:41.121 STDOUT (DEBUG) on Test worker utils.HLInstance.<init>(HLInstance.java:119)]    Remember, with great power comes great current squared times resistance !
?[0m
[?[34m16:55:41.123 STDOUT (DEBUG) on Test worker utils.HLInstance.<init>(HLInstance.java:122)] Chargement de la config...?[0m
[?[34m16:55:41.127 STDOUT (DEBUG) on Test worker pfg.config.Config.readConfigFile(Config.java:166)] Loading config file : /home/ubuntu/TechTheTiller-HighLevel/T3HL-common/../config/config.txt?[0m
[?[34m16:55:41.157 STDOUT (DEBUG) on Test worker pfg.config.Config.printChangedValues(Config.java:465)] Configuration diff :?[0m
[?[34m16:55:41.164 STDOUT (DEBUG) on Test worker pfg.config.Config.printChangedValues(Config.java:469)]   visualisation = false (default : true)?[0m
[?[34m16:55:41.166 STDOUT (DEBUG) on Test worker pfg.config.Config.printChangedValues(Config.java:469)]   usingBaliseImage = false (default : true)?[0m
[?[34m16:55:41.168 STDOUT (DEBUG) on Test worker pfg.config.Config.printChangedValues(Config.java:469)]   usingPanel = false (default : true)?[0m
[?[34m16:55:41.171 STDOUT (DEBUG) on Test worker pfg.config.Config.printChangedValues(Config.java:469)]   connectToBuddy = false (default : true)?[0m
[?[34m16:55:41.173 STDOUT (DEBUG) on Test worker pfg.config.Config.printChangedValues(Config.java:469)]   buddyRay = 70 (default : 150)?[0m
[?[34m16:55:41.176 STDOUT (DEBUG) on Test worker pfg.config.Config.printChangedValues(Config.java:469)]   ennemyRay = 150 (default : 220)?[0m
[?[34m16:55:41.177 STDOUT (DEBUG) on Test worker pfg.config.Config.printChangedValues(Config.java:469)]   nbrNoeudsX = 30 (default : 45)?[0m
[?[34m16:55:41.178 STDOUT (DEBUG) on Test worker pfg.config.Config.printChangedValues(Config.java:469)]   nbrNoeudsY = 20 (default : 30)?[0m
[?[34m16:55:41.179 STDOUT (DEBUG) on Test worker pfg.config.Config.printChangedValues(Config.java:469)]   nbrNoeudsCircle = 14 (default : 12)?[0m
[?[34m16:55:41.180 DATA_HANDLER (DEBUG) on Test worker utils.HLInstance.module(HLInstance.java:271)] Initialisation du moduleClass OrderWrapper?[0m
[?[34m16:55:41.182 DATA_HANDLER (DEBUG) on Test worker utils.HLInstance.module(HLInstance.java:285)] Mise à jour de la config du moduleClass OrderWrapper après son initialisation.?[0m
[?[34m16:55:41.183 STDOUT (DEBUG) on Test worker pfg.config.Config.loadInto(Config.java:274)] Set private boolean orders.OrderWrapper.symetry to false?[0m
[?[34m16:55:41.185 STDOUT (DEBUG) on Test worker pfg.config.Config.loadInto(Config.java:274)] Set private boolean orders.OrderWrapper.simulation to false?[0m
[?[34m16:55:41.186 STDOUT (DEBUG) on Test worker pfg.config.Config.loadInto(Config.java:274)] Set private boolean orders.OrderWrapper.usingBaliseImage to false?[0m
[?[34m16:55:41.188 DATA_HANDLER (DEBUG) on Test worker utils.HLInstance.module(HLInstance.java:297)] Module OrderWrapper prêt?[0m
[?[34m16:55:41.189 DATA_HANDLER (DEBUG) on Test worker utils.HLInstance.module(HLInstance.java:271)] Initialisation du moduleClass ConnectionManager?[0m
[?[34m16:55:41.191 DATA_HANDLER (DEBUG) on Test worker utils.HLInstance.module(HLInstance.java:285)] Mise à jour de la config du moduleClass ConnectionManager après son initialisation.?[0m
[?[34m16:55:41.192 DATA_HANDLER (DEBUG) on Test worker utils.HLInstance.module(HLInstance.java:297)] Module ConnectionManager prêt?[0m
[?[34m16:55:41.194 COMMUNICATION (DEBUG) on Thread-14 utils.communication.SocketServerInterface$1.run(SocketServerInterface.java:57)] Creating socket waiting connection on port 13550?[0m
[?[34m16:55:41.196 COMMUNICATION (DEBUG) on Thread-14 utils.communication.SocketServerInterface$1.run(SocketServerInterface.java:60)] Receive buffer size on null is 65536?[0m
[?[34m16:55:41.197 COMMUNICATION (DEBUG) on Thread-14 utils.communication.SocketServerInterface$1.run(SocketServerInterface.java:71)] Waiting connection on port 13550?[0m
[?[34m16:55:41.245 COMMUNICATION (DEBUG) on SocketClient(localhost:13550) utils.communication.SocketClientInterface.lambda$init$0(SocketClientInterface.java:51)] Trying to connect to localhost on port 13550?[0m
[?[34m16:55:41.249 COMMUNICATION (DEBUG) on SocketClient(localhost:13550) utils.communication.SocketClientInterface.lambda$init$0(SocketClientInterface.java:53)] Socket created to localhost on port 13550?[0m
[?[34m16:55:41.252 COMMUNICATION (DEBUG) on SocketClient(localhost:13550) utils.communication.SocketClientInterface.lambda$init$0(SocketClientInterface.java:70)] SUCCESS to connect to localhost on port 13550?[0m
[?[34m16:55:41.254 COMMUNICATION (DEBUG) on Thread-14 utils.communication.SocketServerInterface$1.run(SocketServerInterface.java:77)] Connection accepted on port 13550?[0m
[?[34m16:55:41.256 COMMUNICATION (DEBUG) on Thread-14 utils.communication.SocketServerInterface$1.run(SocketServerInterface.java:79)] Connection initialized on port 13550?[0m
[?[34m16:55:41.258 COMMUNICATION (DEBUG) on Thread-14 utils.communication.SocketServerInterface$1.run(SocketServerInterface.java:81)] Initialized connection with a 'ping'?[0m
[?[34m16:55:41.260 COMMUNICATION (DEBUG) on Thread-14 utils.communication.SocketServerInterface$1.run(SocketServerInterface.java:71)] Waiting connection on port 13550?[0m
[?[34m16:55:41.296 ORDERS (DEBUG) on Test worker jdk.internal.reflect.NativeMethodAccessorImpl.invoke0(NativeMethodAccessorImpl.java:-2)] Sent to LL: co 3.14159?[0m
[?[34m16:55:41.318 COMMUNICATION (DEBUG) on Test worker utils.communication.SocketServerInterface.read(SocketServerInterface.java:107)] >> READ: co 3.14159?[0m
[?[34m16:55:42.054 STDOUT (DEBUG) on Test worker org.gradle.api.internal.tasks.testing.processors.CaptureTestOutputTestResultProcessor.completed(CaptureTestOutputTestResultProcessor.java:80)] ?[0m
[?[34m16:55:42.060 STDOUT (DEBUG) on Test worker org.gradle.api.internal.tasks.testing.processors.CaptureTestOutputTestResultProcessor.started(CaptureTestOutputTestResultProcessor.java:51)] ?[0m
[?[34m16:55:42.068 COMMUNICATION (DEBUG) on Thread-14 utils.communication.SocketServerInterface$1.run(SocketServerInterface.java:71)] Waiting connection on port 13550?[0m
[?[34m16:55:42.075 STDOUT (DEBUG) on Finalizer utils.Log.close(Log.java:435)] ?[32mFermeture du service de log?[0m
[?[34m16:55:42.076 STDOUT (DEBUG) on Test worker utils.HLInstance.printMessage(HLInstance.java:357)] ?[32mFermeture du service de log
?[33m                   /*``.           `-:--.`?[0m
[?[34m16:55:42.077 STDOUT (DEBUG) on Finalizer utils.HLInstance.printMessage(HLInstance.java:357)]     	       _____?[0m
[?[34m16:55:42.078 STDOUT (DEBUG) on Finalizer utils.HLInstance.printMessage(HLInstance.java:357)]               /     \?[0m
[?[34m16:55:42.079 STDOUT (DEBUG) on Finalizer utils.HLInstance.printMessage(HLInstance.java:357)]               vvvvvvv  /|__/|?[0m
[?[34m16:55:42.079 STDOUT (DEBUG) on Test worker utils.HLInstance.printMessage(HLInstance.java:357)] ?[33m                  `.-::::/.        .:::::::y?[0m
[?[34m16:55:42.082 STDOUT (DEBUG) on Test worker utils.HLInstance.printMessage(HLInstance.java:357)] ?[33m                 `::::::::o``````.-::::::/h-?[0m
[?[34m16:55:42.084 STDOUT (DEBUG) on Finalizer utils.HLInstance.printMessage(HLInstance.java:357)]                  I   /O,O   |?[0m
[?[34m16:55:42.085 STDOUT (DEBUG) on Finalizer utils.HLInstance.printMessage(HLInstance.java:357)]                  I /_____   |      /|/|?[0m
[?[34m16:55:42.086 STDOUT (DEBUG) on Finalizer utils.HLInstance.printMessage(HLInstance.java:357)]                 J|/^ ^ ^ \  |    /00  |    _//|?[0m
[?[34m16:55:42.086 STDOUT (DEBUG) on Finalizer utils.HLInstance.printMessage(HLInstance.java:357)]                  |^ ^ ^ ^ |W|   |/^^\ |   /oo |?[0m
[?[34m16:55:42.088 STDOUT (DEBUG) on Finalizer utils.HLInstance.printMessage(HLInstance.java:357)]                   \m___m__|_|    \m_m_|   \mm_|?[0m
[?[34m16:55:42.090 STDOUT (DEBUG) on Finalizer utils.HLInstance.printMessage(HLInstance.java:357)] ?[0m
[?[34m16:55:42.091 STDOUT (DEBUG) on Finalizer utils.HLInstance.printMessage(HLInstance.java:357)] ------------------------- TOTORO'S END -------------------------?[0m
[?[34m16:55:42.092 STDOUT (DEBUG) on Test worker utils.HLInstance.printMessage(HLInstance.java:357)] ?[33m                 `::::::::::::::::::::::/h.?[0m
[?[34m16:55:42.093 STDOUT (DEBUG) on Test worker utils.HLInstance.printMessage(HLInstance.java:357)] ?[33m                  -::::::://++++//::::::::.?[0m
[?[34m16:55:42.094 STDOUT (DEBUG) on Test worker utils.HLInstance.printMessage(HLInstance.java:357)] ?[33m               `-::::/oso+/:-....--://:::::-.``.---:`?[0m
[?[34m16:55:42.095 STDOUT (DEBUG) on Test worker utils.HLInstance.printMessage(HLInstance.java:357)] ?[33m      ````   .-:::/so/-      ``````  `.:::::::::::::+ ?[34m``````````````````````````````````````````````````````````````````````?[0m
[?[34m16:55:42.096 STDOUT (DEBUG) on Test worker utils.HLInstance.printMessage(HLInstance.java:357)] ?[33m    `-:::::--:::os+.?[34m   `/sssssss`   ./syyyyyys+/y+sssssssssssssssssssssssssssssssssssssssssssssssssssssssssssssssssssssy- `-:::://?[0m
[?[34m16:55:42.098 STDOUT (DEBUG) on Test worker utils.HLInstance.printMessage(HLInstance.java:357)] ?[33m   `-:::::::::+y/`?[34mS   .shhhhhdd:   `/hhhhhhhhhdo:/dddddddddddddddddhhhhhhhdddddddddddddddddddddddddddddddddddddddddddddo`.:////sy.?[0m
[?[34m16:55:42.099 STDOUT (DEBUG) on Test worker utils.HLInstance.printMessage(HLInstance.java:357)] ?[33m   ::::::::::so`?[34m     :yhhhhhmy`   .ohhhhhhhhhhd  `//oooooo+//////+hhhhhhdd+///////+++++++/////////////////+++++++/////-`-////+h+` `?[0m
[?[34m16:55:42.100 STDOUT (DEBUG) on Test worker utils.HLInstance.printMessage(HLInstance.java:357)] ?[33m  `://:::::y/ ?[34mU   `+hhhhhdm+    -yhhhhhdhhhhhm`  `oyyyyyhs     .shhhhhdh-  ``.-:::////:::-.       ``.-::::////::://  `://///o+:::::::-.?[0m
[?[34m16:55:42.100 STDOUT (DEBUG) on Test worker utils.HLInstance.printMessage(HLInstance.java:357)] ?[33m      `::::y/ ?[34m    .shhhhhdh-   `+hhhhhdd+shhhhd- -yhhhhhmo`    /yhhhhhms` .-://+ssso+++/////o   `.:://+ossoo+++o+oy- -/////+ssoo+//////h?[0m
[?[34m16:55:42.101 STDOUT (DEBUG) on Test worker utils.HLInstance.printMessage(HLInstance.java:357)] ?[33m      .:::/y ?[34mU   :yhhhhhms`   .shhhhhdy?[33m::?[34mhhhhhho+hhhhhdd:    `ohhhhhdd/ .:///oyo::-----////oy `-:///oyo:.`      `-``:////oy+-` `:////+h:?[0m
[?[34m16:55:42.103 STDOUT (DEBUG) on Test worker utils.HLInstance.printMessage(HLInstance.java:357)] ?[33m      -:::o: ?[34m  `+hhhhhdm/    :yhhhhddo?[33m:::?[34m+hhhhhhhhhhhms.    -yhhhhhdh. -////yo.`ooooooooooss``:////yo.            -/////yo`   .:////ys.?[0m
[?[34m16:55:42.104 STDOUT (DEBUG) on Test worker utils.HLInstance.printMessage(HLInstance.java:357)] ?[33m   ``.::::+-?[34m S .shhhhhdh-   `+hhhhhdd/?[33m::::?[34m/hhhhhhhhhdd/     /hhhhhhmo` `/////s```..----:+:..  -/////o``````..:.  `:////oh:   `-////+h/?[0m
[?[34m16:55:42.104 STDOUT (DEBUG) on Test worker utils.HLInstance.printMessage(HLInstance.java:357)] ?[33m`.-::::::::+ ?[34m:yhhhhhms`   .shhhhhmy?[33m:::::::?[34mhhhhhhhhdh.    `ohhhhhdd:    :++////:::///+oys`    `/++/////://++yo` .:////ys`   .:////ys.?[0m
[?[34m16:55:42.105 STDOUT (DEBUG) on Test worker utils.HLInstance.printMessage(HLInstance.java:357)] ?[33m-::::::::::/-?[34m/oooooo/     -sssyyyo?[33m:+o/++//?[34mhyssssss+`     .sssssss.      `-/++oooo++//:.        .:/+oooo++/:-   /ooooo:     :ooooo/?[0m
[?[34m16:55:42.106 STDOUT (DEBUG) on Test worker utils.HLInstance.printMessage(HLInstance.java:357)] ?[33m.:::::/o:::::-`               `.--:::os+```.---?[0m
[?[34m16:55:42.107 STDOUT (DEBUG) on Test worker utils.HLInstance.printMessage(HLInstance.java:357)] ?[33m :+ooo/.`::::::-..`````````.--::::+ss:`?[0m
[?[34m16:55:42.108 STDOUT (DEBUG) on Test worker utils.HLInstance.printMessage(HLInstance.java:357)] ?[33m  ``     `-/::::::::::::::::::::::s.?[0m
[?[34m16:55:42.109 STDOUT (DEBUG) on Test worker utils.HLInstance.printMessage(HLInstance.java:357)] ?[33m          `:::::::::::://+::::::::o-?[0m
[?[34m16:55:42.110 STDOUT (DEBUG) on Test worker utils.HLInstance.printMessage(HLInstance.java:357)] ?[33m         `:::::::/h////::.-:::::::y-?[0m
[?[34m16:55:42.111 STDOUT (DEBUG) on Test worker utils.HLInstance.printMessage(HLInstance.java:357)] ?[33m         :::::::ss`        -:/+sso:?[0m
[?[34m16:55:42.112 STDOUT (DEBUG) on Test worker utils.HLInstance.printMessage(HLInstance.java:357)] ?[33m         .:/++sy:          `//*/?[0m
[?[34m16:55:42.113 STDOUT (DEBUG) on Test worker utils.HLInstance.printMessage(HLInstance.java:357)] ______________________________________________________________________________________________________________________________________________?[0m
[?[34m16:55:42.114 STDOUT (DEBUG) on Test worker utils.Log.init(Log.java:292)] ?[32mDémarrage du service de log?[0m
[?[34m16:55:42.115 STDOUT (DEBUG) on Test worker utils.Log.init(Log.java:293)] ?[0m?[0m
Initialisation du compteur...
[?[34m16:55:42.118 STDOUT (DEBUG) on Test worker utils.Log.attemptInitLogOutput(Log.java:413)] Création du fichier de log './../logs/Thu Jul 08 16:55:42 UTC 2021 #53 - everything.log' à '/home/ubuntu/TechTheTiller-HighLevel/logs/Thu Jul 08 16:55:42 UTC 2021 #53 - everything.log'?[0m
[?[34m16:55:42.120 STDOUT (DEBUG) on Test worker utils.Log.attemptInitLogOutput(Log.java:417)] Réussite de la création du fichier de log './../logs/Thu Jul 08 16:55:42 UTC 2021 #53 - everything.log?[0m
[?[34m16:55:42.121 STDOUT (DEBUG) on Test worker utils.Log.attemptInitLogOutput(Log.java:421)] Ouverture du fichier de log './../logs/Thu Jul 08 16:55:42 UTC 2021 #53 - everything.log'?[0m
[?[34m16:55:42.124 STDOUT (DEBUG) on Test worker utils.Log.attemptInitLogOutput(Log.java:413)] Création du fichier de log './../logs/Thu Jul 08 16:55:42 UTC 2021 #53.log' à '/home/ubuntu/TechTheTiller-HighLevel/logs/Thu Jul 08 16:55:42 UTC 2021 #53.log'?[0m
[?[34m16:55:42.127 STDOUT (DEBUG) on Test worker utils.Log.attemptInitLogOutput(Log.java:417)] Réussite de la création du fichier de log './../logs/Thu Jul 08 16:55:42 UTC 2021 #53.log?[0m
[?[34m16:55:42.129 STDOUT (DEBUG) on Test worker utils.Log.attemptInitLogOutput(Log.java:421)] Ouverture du fichier de log './../logs/Thu Jul 08 16:55:42 UTC 2021 #53.log'?[0m
[?[34m16:55:42.130 STDOUT (DEBUG) on Test worker utils.Log.attemptInitLogOutput(Log.java:413)] Création du fichier de log './../logs/Thu Jul 08 16:55:42 UTC 2021 #53 - errors.log' à '/home/ubuntu/TechTheTiller-HighLevel/logs/Thu Jul 08 16:55:42 UTC 2021 #53 - errors.log'?[0m
[?[34m16:55:42.132 STDOUT (DEBUG) on Test worker utils.Log.attemptInitLogOutput(Log.java:417)] Réussite de la création du fichier de log './../logs/Thu Jul 08 16:55:42 UTC 2021 #53 - errors.log?[0m
[?[34m16:55:42.133 STDOUT (DEBUG) on Test worker utils.Log.attemptInitLogOutput(Log.java:421)] Ouverture du fichier de log './../logs/Thu Jul 08 16:55:42 UTC 2021 #53 - errors.log'?[0m
[?[34m16:55:42.185 STDOUT (DEBUG) on Test worker utils.HLInstance.<init>(HLInstance.java:104)] Version : 07e922f on master - [tests]?[0m
[?[34m16:55:42.190 STDOUT (DEBUG) on Test worker utils.HLInstance.<init>(HLInstance.java:112)] System : Linux 5.4.0-1038-raspi aarch64?[0m
[?[34m16:55:42.194 STDOUT (DEBUG) on Test worker utils.HLInstance.<init>(HLInstance.java:114)] Java : Private Build 14.0.2, max memory : 0.5G, available processors : 4?[0m
[?[34m16:55:42.198 STDOUT (DEBUG) on Test worker utils.HLInstance.<init>(HLInstance.java:117)] ?[0m
[?[34m16:55:42.202 STDOUT (DEBUG) on Test worker utils.HLInstance.<init>(HLInstance.java:119)]    Remember, with great power comes great current squared times resistance !
?[0m
[?[34m16:55:42.206 STDOUT (DEBUG) on Test worker utils.HLInstance.<init>(HLInstance.java:122)] Chargement de la config...?[0m
[?[34m16:55:42.215 STDOUT (DEBUG) on Test worker pfg.config.Config.readConfigFile(Config.java:166)] Loading config file : /home/ubuntu/TechTheTiller-HighLevel/T3HL-common/../config/config.txt?[0m
[?[34m16:55:42.238 STDOUT (DEBUG) on Test worker pfg.config.Config.printChangedValues(Config.java:465)] Configuration diff :?[0m
[?[34m16:55:42.246 STDOUT (DEBUG) on Test worker pfg.config.Config.printChangedValues(Config.java:469)]   visualisation = false (default : true)?[0m
[?[34m16:55:42.248 STDOUT (DEBUG) on Test worker pfg.config.Config.printChangedValues(Config.java:469)]   usingBaliseImage = false (default : true)?[0m
[?[34m16:55:42.249 STDOUT (DEBUG) on Test worker pfg.config.Config.printChangedValues(Config.java:469)]   usingPanel = false (default : true)?[0m
[?[34m16:55:42.250 STDOUT (DEBUG) on Test worker pfg.config.Config.printChangedValues(Config.java:469)]   connectToBuddy = false (default : true)?[0m
[?[34m16:55:42.252 STDOUT (DEBUG) on Test worker pfg.config.Config.printChangedValues(Config.java:469)]   buddyRay = 70 (default : 150)?[0m
[?[34m16:55:42.254 STDOUT (DEBUG) on Test worker pfg.config.Config.printChangedValues(Config.java:469)]   ennemyRay = 150 (default : 220)?[0m
[?[34m16:55:42.256 STDOUT (DEBUG) on Test worker pfg.config.Config.printChangedValues(Config.java:469)]   nbrNoeudsX = 30 (default : 45)?[0m
[?[34m16:55:42.275 STDOUT (DEBUG) on Test worker pfg.config.Config.printChangedValues(Config.java:469)]   nbrNoeudsY = 20 (default : 30)?[0m
[?[34m16:55:42.277 STDOUT (DEBUG) on Test worker pfg.config.Config.printChangedValues(Config.java:469)]   nbrNoeudsCircle = 14 (default : 12)?[0m
[?[34m16:55:42.279 DATA_HANDLER (DEBUG) on Test worker utils.HLInstance.module(HLInstance.java:271)] Initialisation du moduleClass OrderWrapper?[0m
[?[34m16:55:42.280 DATA_HANDLER (DEBUG) on Test worker utils.HLInstance.module(HLInstance.java:285)] Mise à jour de la config du moduleClass OrderWrapper après son initialisation.?[0m
[?[34m16:55:42.281 STDOUT (DEBUG) on Test worker pfg.config.Config.loadInto(Config.java:274)] Set private boolean orders.OrderWrapper.symetry to false?[0m
[?[34m16:55:42.283 STDOUT (DEBUG) on Test worker pfg.config.Config.loadInto(Config.java:274)] Set private boolean orders.OrderWrapper.simulation to false?[0m
[?[34m16:55:42.284 STDOUT (DEBUG) on Test worker pfg.config.Config.loadInto(Config.java:274)] Set private boolean orders.OrderWrapper.usingBaliseImage to false?[0m
[?[34m16:55:42.285 DATA_HANDLER (DEBUG) on Test worker utils.HLInstance.module(HLInstance.java:297)] Module OrderWrapper prêt?[0m
[?[34m16:55:42.286 DATA_HANDLER (DEBUG) on Test worker utils.HLInstance.module(HLInstance.java:271)] Initialisation du moduleClass ConnectionManager?[0m
[?[34m16:55:42.287 DATA_HANDLER (DEBUG) on Test worker utils.HLInstance.module(HLInstance.java:285)] Mise à jour de la config du moduleClass ConnectionManager après son initialisation.?[0m
[?[34m16:55:42.289 DATA_HANDLER (DEBUG) on Test worker utils.HLInstance.module(HLInstance.java:297)] Module ConnectionManager prêt?[0m
[?[34m16:55:42.304 COMMUNICATION (DEBUG) on Thread-16 utils.communication.SocketServerInterface$1.run(SocketServerInterface.java:57)] Creating socket waiting connection on port 13550?[0m
[?[34m16:55:42.305 COMMUNICATION (DEBUG) on Thread-16 utils.communication.SocketServerInterface$1.run(SocketServerInterface.java:60)] Receive buffer size on null is 65536?[0m
[?[34m16:55:42.307 COMMUNICATION (DEBUG) on Thread-16 utils.communication.SocketServerInterface$1.run(SocketServerInterface.java:71)] Waiting connection on port 13550?[0m
[?[34m16:55:42.359 COMMUNICATION (DEBUG) on SocketClient(localhost:13550) utils.communication.SocketClientInterface.lambda$init$0(SocketClientInterface.java:51)] Trying to connect to localhost on port 13550?[0m
[?[34m16:55:42.361 COMMUNICATION (DEBUG) on SocketClient(localhost:13550) utils.communication.SocketClientInterface.lambda$init$0(SocketClientInterface.java:53)] Socket created to localhost on port 13550?[0m
[?[34m16:55:42.362 COMMUNICATION (DEBUG) on Thread-16 utils.communication.SocketServerInterface$1.run(SocketServerInterface.java:77)] Connection accepted on port 13550?[0m
[?[34m16:55:42.363 COMMUNICATION (DEBUG) on SocketClient(localhost:13550) utils.communication.SocketClientInterface.lambda$init$0(SocketClientInterface.java:70)] SUCCESS to connect to localhost on port 13550?[0m
[?[34m16:55:42.365 COMMUNICATION (DEBUG) on Thread-16 utils.communication.SocketServerInterface$1.run(SocketServerInterface.java:79)] Connection initialized on port 13550?[0m
[?[34m16:55:42.367 COMMUNICATION (DEBUG) on Thread-16 utils.communication.SocketServerInterface$1.run(SocketServerInterface.java:81)] Initialized connection with a 'ping'?[0m
[?[34m16:55:42.368 COMMUNICATION (DEBUG) on Thread-16 utils.communication.SocketServerInterface$1.run(SocketServerInterface.java:71)] Waiting connection on port 13550?[0m
[?[34m16:55:42.458 ORDERS (DEBUG) on Test worker jdk.internal.reflect.NativeMethodAccessorImpl.invoke0(NativeMethodAccessorImpl.java:-2)] Sent to LL: nh 0 2 3 2 3.14159 2.00000 valve RIGHT on?[0m
[?[34m16:55:42.480 COMMUNICATION (DEBUG) on Test worker utils.communication.SocketServerInterface.read(SocketServerInterface.java:107)] >> READ: nh 0 2 3 2 3.14159 2.00000 valve RIGHT on?[0m
[?[34m16:55:43.152 STDOUT (DEBUG) on Test worker org.gradle.api.internal.tasks.testing.processors.CaptureTestOutputTestResultProcessor.completed(CaptureTestOutputTestResultProcessor.java:80)] ?[0m
[?[34m16:55:43.154 STDOUT (DEBUG) on Test worker org.gradle.api.internal.tasks.testing.processors.CaptureTestOutputTestResultProcessor.started(CaptureTestOutputTestResultProcessor.java:51)] ?[0m
[?[34m16:55:43.163 STDOUT (DEBUG) on Finalizer utils.Log.close(Log.java:435)] ?[32mFermeture du service de log?[0m
[?[34m16:55:43.163 STDOUT (DEBUG) on Finalizer utils.HLInstance.printMessage(HLInstance.java:357)]     	       _____?[0m
[?[34m16:55:43.164 STDOUT (DEBUG) on Finalizer utils.HLInstance.printMessage(HLInstance.java:357)]               /     \?[0m
[?[34m16:55:43.165 STDOUT (DEBUG) on Finalizer utils.HLInstance.printMessage(HLInstance.java:357)]               vvvvvvv  /|__/|?[0m
[?[34m16:55:43.165 STDOUT (DEBUG) on Finalizer utils.HLInstance.printMessage(HLInstance.java:357)]                  I   /O,O   |?[0m
[?[34m16:55:43.166 STDOUT (DEBUG) on Finalizer utils.HLInstance.printMessage(HLInstance.java:357)]                  I /_____   |      /|/|?[0m
[?[34m16:55:43.167 STDOUT (DEBUG) on Finalizer utils.HLInstance.printMessage(HLInstance.java:357)]                 J|/^ ^ ^ \  |    /00  |    _//|?[0m
[?[34m16:55:43.168 STDOUT (DEBUG) on Finalizer utils.HLInstance.printMessage(HLInstance.java:357)]                  |^ ^ ^ ^ |W|   |/^^\ |   /oo |?[0m
[?[34m16:55:43.169 STDOUT (DEBUG) on Finalizer utils.HLInstance.printMessage(HLInstance.java:357)]                   \m___m__|_|    \m_m_|   \mm_|?[0m
[?[34m16:55:43.169 STDOUT (DEBUG) on Finalizer utils.HLInstance.printMessage(HLInstance.java:357)] ?[0m
[?[34m16:55:43.170 STDOUT (DEBUG) on Finalizer utils.HLInstance.printMessage(HLInstance.java:357)] ------------------------- TOTORO'S END -------------------------?[0m
[?[34m16:55:43.176 STDOUT (DEBUG) on Test worker utils.HLInstance.printMessage(HLInstance.java:357)] ?[33m                   /*``.           `-:--.`?[0m
[?[34m16:55:43.180 STDOUT (DEBUG) on Test worker utils.HLInstance.printMessage(HLInstance.java:357)] ?[33m                  `.-::::/.        .:::::::y?[0m
[?[34m16:55:43.181 STDOUT (DEBUG) on Test worker utils.HLInstance.printMessage(HLInstance.java:357)] ?[33m                 `::::::::o``````.-::::::/h-?[0m
[?[34m16:55:43.183 COMMUNICATION (DEBUG) on Thread-16 utils.communication.SocketServerInterface$1.run(SocketServerInterface.java:71)] Waiting connection on port 13550?[0m
[?[34m16:55:43.182 STDOUT (DEBUG) on Test worker utils.HLInstance.printMessage(HLInstance.java:357)] ?[33m                 `::::::::::::::::::::::/h.?[0m
[?[34m16:55:43.202 STDOUT (DEBUG) on Test worker utils.HLInstance.printMessage(HLInstance.java:357)] ?[33m                  -::::::://++++//::::::::.?[0m
[?[34m16:55:43.203 STDOUT (DEBUG) on Test worker utils.HLInstance.printMessage(HLInstance.java:357)] ?[33m               `-::::/oso+/:-....--://:::::-.``.---:`?[0m
[?[34m16:55:43.204 STDOUT (DEBUG) on Test worker utils.HLInstance.printMessage(HLInstance.java:357)] ?[33m      ````   .-:::/so/-      ``````  `.:::::::::::::+ ?[34m``````````````````````````````````````````````````````````````````````?[0m
[?[34m16:55:43.211 STDOUT (DEBUG) on Test worker utils.HLInstance.printMessage(HLInstance.java:357)] ?[33m    `-:::::--:::os+.?[34m   `/sssssss`   ./syyyyyys+/y+sssssssssssssssssssssssssssssssssssssssssssssssssssssssssssssssssssssy- `-:::://?[0m
[?[34m16:55:43.220 STDOUT (DEBUG) on Test worker utils.HLInstance.printMessage(HLInstance.java:357)] ?[33m   `-:::::::::+y/`?[34mS   .shhhhhdd:   `/hhhhhhhhhdo:/dddddddddddddddddhhhhhhhdddddddddddddddddddddddddddddddddddddddddddddo`.:////sy.?[0m
[?[34m16:55:43.221 STDOUT (DEBUG) on Test worker utils.HLInstance.printMessage(HLInstance.java:357)] ?[33m   ::::::::::so`?[34m     :yhhhhhmy`   .ohhhhhhhhhhd  `//oooooo+//////+hhhhhhdd+///////+++++++/////////////////+++++++/////-`-////+h+` `?[0m
[?[34m16:55:43.222 STDOUT (DEBUG) on Test worker utils.HLInstance.printMessage(HLInstance.java:357)] ?[33m  `://:::::y/ ?[34mU   `+hhhhhdm+    -yhhhhhdhhhhhm`  `oyyyyyhs     .shhhhhdh-  ``.-:::////:::-.       ``.-::::////::://  `://///o+:::::::-.?[0m
[?[34m16:55:43.223 STDOUT (DEBUG) on Test worker utils.HLInstance.printMessage(HLInstance.java:357)] ?[33m      `::::y/ ?[34m    .shhhhhdh-   `+hhhhhdd+shhhhd- -yhhhhhmo`    /yhhhhhms` .-://+ssso+++/////o   `.:://+ossoo+++o+oy- -/////+ssoo+//////h?[0m
[?[34m16:55:43.243 STDOUT (DEBUG) on Test worker utils.HLInstance.printMessage(HLInstance.java:357)] ?[33m      .:::/y ?[34mU   :yhhhhhms`   .shhhhhdy?[33m::?[34mhhhhhho+hhhhhdd:    `ohhhhhdd/ .:///oyo::-----////oy `-:///oyo:.`      `-``:////oy+-` `:////+h:?[0m
[?[34m16:55:43.244 STDOUT (DEBUG) on Test worker utils.HLInstance.printMessage(HLInstance.java:357)] ?[33m      -:::o: ?[34m  `+hhhhhdm/    :yhhhhddo?[33m:::?[34m+hhhhhhhhhhhms.    -yhhhhhdh. -////yo.`ooooooooooss``:////yo.            -/////yo`   .:////ys.?[0m
[?[34m16:55:43.245 STDOUT (DEBUG) on Test worker utils.HLInstance.printMessage(HLInstance.java:357)] ?[33m   ``.::::+-?[34m S .shhhhhdh-   `+hhhhhdd/?[33m::::?[34m/hhhhhhhhhdd/     /hhhhhhmo` `/////s```..----:+:..  -/////o``````..:.  `:////oh:   `-////+h/?[0m
[?[34m16:55:43.245 STDOUT (DEBUG) on Test worker utils.HLInstance.printMessage(HLInstance.java:357)] ?[33m`.-::::::::+ ?[34m:yhhhhhms`   .shhhhhmy?[33m:::::::?[34mhhhhhhhhdh.    `ohhhhhdd:    :++////:::///+oys`    `/++/////://++yo` .:////ys`   .:////ys.?[0m
[?[34m16:55:43.246 STDOUT (DEBUG) on Test worker utils.HLInstance.printMessage(HLInstance.java:357)] ?[33m-::::::::::/-?[34m/oooooo/     -sssyyyo?[33m:+o/++//?[34mhyssssss+`     .sssssss.      `-/++oooo++//:.        .:/+oooo++/:-   /ooooo:     :ooooo/?[0m
[?[34m16:55:43.255 STDOUT (DEBUG) on Test worker utils.HLInstance.printMessage(HLInstance.java:357)] ?[33m.:::::/o:::::-`               `.--:::os+```.---?[0m
[?[34m16:55:43.258 STDOUT (DEBUG) on Test worker utils.HLInstance.printMessage(HLInstance.java:357)] ?[33m :+ooo/.`::::::-..`````````.--::::+ss:`?[0m
[?[34m16:55:43.260 STDOUT (DEBUG) on Test worker utils.HLInstance.printMessage(HLInstance.java:357)] ?[33m  ``     `-/::::::::::::::::::::::s.?[0m
[?[34m16:55:43.262 STDOUT (DEBUG) on Test worker utils.HLInstance.printMessage(HLInstance.java:357)] ?[33m          `:::::::::::://+::::::::o-?[0m
[?[34m16:55:43.263 STDOUT (DEBUG) on Test worker utils.HLInstance.printMessage(HLInstance.java:357)] ?[33m         `:::::::/h////::.-:::::::y-?[0m
[?[34m16:55:43.265 STDOUT (DEBUG) on Test worker utils.HLInstance.printMessage(HLInstance.java:357)] ?[33m         :::::::ss`        -:/+sso:?[0m
[?[34m16:55:43.267 STDOUT (DEBUG) on Test worker utils.HLInstance.printMessage(HLInstance.java:357)] ?[33m         .:/++sy:          `//*/?[0m
[?[34m16:55:43.268 STDOUT (DEBUG) on Test worker utils.HLInstance.printMessage(HLInstance.java:357)] ______________________________________________________________________________________________________________________________________________?[0m
[?[34m16:55:43.270 STDOUT (DEBUG) on Test worker utils.Log.init(Log.java:292)] ?[32mDémarrage du service de log?[0m
[?[34m16:55:43.271 STDOUT (DEBUG) on Test worker utils.Log.init(Log.java:293)] ?[0m?[0m
Initialisation du compteur...
[?[34m16:55:43.276 STDOUT (DEBUG) on Test worker utils.Log.attemptInitLogOutput(Log.java:413)] Création du fichier de log './../logs/Thu Jul 08 16:55:43 UTC 2021 #54 - everything.log' à '/home/ubuntu/TechTheTiller-HighLevel/logs/Thu Jul 08 16:55:43 UTC 2021 #54 - everything.log'?[0m
[?[34m16:55:43.279 STDOUT (DEBUG) on Test worker utils.Log.attemptInitLogOutput(Log.java:417)] Réussite de la création du fichier de log './../logs/Thu Jul 08 16:55:43 UTC 2021 #54 - everything.log?[0m
[?[34m16:55:43.281 STDOUT (DEBUG) on Test worker utils.Log.attemptInitLogOutput(Log.java:421)] Ouverture du fichier de log './../logs/Thu Jul 08 16:55:43 UTC 2021 #54 - everything.log'?[0m
[?[34m16:55:43.283 STDOUT (DEBUG) on Test worker utils.Log.attemptInitLogOutput(Log.java:413)] Création du fichier de log './../logs/Thu Jul 08 16:55:43 UTC 2021 #54.log' à '/home/ubuntu/TechTheTiller-HighLevel/logs/Thu Jul 08 16:55:43 UTC 2021 #54.log'?[0m
[...]
[?[31m16:55:44.294 STDERR (CRITICAL) on Thread-18] 	at java.base/java.net.ServerSocket.implAccept(ServerSocket.java:626)?[0m
[?[31m16:55:44.294 STDERR (CRITICAL) on Thread-18] 	at java.base/java.net.ServerSocket.implAccept(ServerSocket.java:583)?[0m
[?[31m16:55:44.295 STDERR (CRITICAL) on Thread-18] 	at java.base/java.net.ServerSocket.accept(ServerSocket.java:540)?[0m
[?[31m16:55:44.298 STDERR (CRITICAL) on Thread-18] 	at utils.communication.SocketServerInterface$1.run(SocketServerInterface.java:72)?[0m
[?[31m16:55:44.299 COMMUNICATION (CRITICAL) on Thread-18 utils.communication.SocketServerInterface$1.run(SocketServerInterface.java:88)] Socket error: Socket closed?[0m
[?[31m16:55:44.299 STDERR (CRITICAL) on Test worker] 	at java.base/java.net.ServerSocket.accept(ServerSocket.java:540)?[0m
[?[31m16:55:44.300 STDERR (CRITICAL) on Thread-18] java.net.SocketException: Socket is closed?[0m
[?[31m16:55:44.300 STDERR (CRITICAL) on Thread-18] 	at java.base/java.net.ServerSocket.accept(ServerSocket.java:536)?[0m
[?[31m16:55:44.303 STDERR (CRITICAL) on Thread-18] 	at utils.communication.SocketServerInterface$1.run(SocketServerInterface.java:72)?[0m
[?[31m16:55:44.303 COMMUNICATION (CRITICAL) on Thread-18 utils.communication.SocketServerInterface$1.run(SocketServerInterface.java:88)] Socket error: Socket is closed?[0m
[?[31m16:55:44.306 STDERR (CRITICAL) on Test worker] ?[0m
[?[31m16:55:44.386 STDERR (CRITICAL) on Test worker] Unknown key : RECALAGE_ACC, also tried recalageAcc?[0m
[?[31m16:55:44.387 STDERR (CRITICAL) on Test worker] Unknown key : SECOURS, also tried secours?[0m
[?[31m16:55:44.388 STDERR (CRITICAL) on Test worker] Unknown key : RECALAGE_MECA_ACC, also tried recalageMecaAcc?[0m
[?[31m16:55:44.390 STDERR (CRITICAL) on Test worker] Unknown key : MILIEU_ECUEIL_PRIVE_XBLEU, also tried milieuEcueilPriveXbleu?[0m
[?[31m16:55:44.492 AI (CRITICAL) on AIModule ai.goap.Agent.updateIdleState(Agent.java:113)] Tentative de planification alors qu'il n'y a pas de but donné!?[0m
[?[31m16:55:44.783 AI (CRITICAL) on AIModule ai.goap.Agent.updateIdleState(Agent.java:113)] Tentative de planification alors qu'il n'y a pas de but donné!?[0m
[?[31m16:55:45.042 STDERR (CRITICAL) on Thread-20] java.net.SocketException: Socket closed?[0m
[?[31m16:55:45.275 STDERR (CRITICAL) on Thread-20] 	at java.base/sun.nio.ch.NioSocketImpl.endAccept(NioSocketImpl.java:689)?[0m
[?[31m16:55:45.275 AI (CRITICAL) on AIModule ai.goap.Agent.updateIdleState(Agent.java:113)] Tentative de planification alors qu'il n'y a pas de but donné!?[0m
[?[31m16:55:45.276 STDERR (CRITICAL) on Thread-20] 	at java.base/sun.nio.ch.NioSocketImpl.accept(NioSocketImpl.java:762)?[0m
[?[31m16:55:45.277 STDERR (CRITICAL) on Thread-20] 	at java.base/java.net.ServerSocket.implAccept(ServerSocket.java:684)?[0m
[?[31m16:55:45.278 STDERR (CRITICAL) on Thread-20] 	at java.base/java.net.ServerSocket.platformImplAccept(ServerSocket.java:650)?[0m
[?[31m16:55:45.279 STDERR (CRITICAL) on Thread-20] 	at java.base/java.net.ServerSocket.implAccept(ServerSocket.java:626)?[0m
[?[31m16:55:45.280 STDERR (CRITICAL) on Thread-20] 	at java.base/java.net.ServerSocket.implAccept(ServerSocket.java:583)?[0m
[?[31m16:55:45.281 STDERR (CRITICAL) on Test worker] ?[0m
[?[31m16:55:45.282 STDERR (CRITICAL) on Thread-20] 	at java.base/java.net.ServerSocket.accept(ServerSocket.java:540)?[0m
[?[31m16:55:45.284 STDERR (CRITICAL) on Thread-20] 	at utils.communication.SocketServerInterface$1.run(SocketServerInterface.java:72)?[0m
[?[31m16:55:45.286 COMMUNICATION (CRITICAL) on Thread-20 utils.communication.SocketServerInterface$1.run(SocketServerInterface.java:88)] Socket error: Socket closed?[0m
[?[31m16:55:45.287 STDERR (CRITICAL) on Test worker] 	at utils.communication.SocketServerInterface$1.run(SocketServerInterface.java:72)?[0m
[?[31m16:55:45.290 STDERR (CRITICAL) on Thread-20] java.net.SocketException: Socket is closed?[0m
[?[31m16:55:45.291 STDERR (CRITICAL) on Thread-20] 	at java.base/java.net.ServerSocket.accept(ServerSocket.java:536)?[0m
[?[31m16:55:45.292 STDERR (CRITICAL) on Thread-20] 	at utils.communication.SocketServerInterface$1.run(SocketServerInterface.java:72)?[0m
[?[31m16:55:45.294 COMMUNICATION (CRITICAL) on Thread-20 utils.communication.SocketServerInterface$1.run(SocketServerInterface.java:88)] Socket error: Socket is closed?[0m
[?[31m16:55:45.393 STDERR (CRITICAL) on Test worker] Unknown key : RECALAGE_ACC, also tried recalageAcc?[0m
[?[31m16:55:45.393 STDERR (CRITICAL) on Test worker] Unknown key : SECOURS, also tried secours?[0m
[?[31m16:55:45.395 STDERR (CRITICAL) on Test worker] Unknown key : RECALAGE_MECA_ACC, also tried recalageMecaAcc?[0m
[?[31m16:55:45.396 STDERR (CRITICAL) on Test worker] Unknown key : MILIEU_ECUEIL_PRIVE_XBLEU, also tried milieuEcueilPriveXbleu?[0m
[?[31m16:55:45.477 AI (CRITICAL) on AIModule ai.goap.Agent.updateIdleState(Agent.java:113)] Tentative de planification alors qu'il n'y a pas de but donné!?[0m
[?[31m16:55:45.762 AI (CRITICAL) on AIModule ai.goap.Agent.updateIdleState(Agent.java:113)] Tentative de planification alors qu'il n'y a pas de but donné!?[0m
[?[31m16:55:46.272 STDERR (CRITICAL) on Thread-22] java.net.SocketException: Socket closed?[0m
[?[31m16:55:46.272 AI (CRITICAL) on AIModule ai.goap.Agent.updateIdleState(Agent.java:113)] Tentative de planification alors qu'il n'y a pas de but donné!?[0m
[?[31m16:55:46.273 STDERR (CRITICAL) on Test worker] java.net.SocketException: Socket closed?[0m
[?[31m16:55:46.275 STDERR (CRITICAL) on Test worker] ?[0m
[?[31m16:55:46.285 STDERR (CRITICAL) on Thread-22] 	at java.base/sun.nio.ch.NioSocketImpl.endAccept(NioSocketImpl.java:689)?[0m
[?[31m16:55:46.285 STDERR (CRITICAL) on Thread-22] 	at java.base/sun.nio.ch.NioSocketImpl.accept(NioSocketImpl.java:762)?[0m
[?[31m16:55:46.285 STDERR (CRITICAL) on Thread-22] 	at java.base/java.net.ServerSocket.implAccept(ServerSocket.java:684)?[0m
[?[31m16:55:46.286 STDERR (CRITICAL) on Thread-22] 	at java.base/java.net.ServerSocket.platformImplAccept(ServerSocket.java:650)?[0m
[?[31m16:55:46.287 STDERR (CRITICAL) on Thread-22] 	at java.base/java.net.ServerSocket.implAccept(ServerSocket.java:626)?[0m
[?[31m16:55:46.290 STDERR (CRITICAL) on Thread-22] 	at java.base/java.net.ServerSocket.implAccept(ServerSocket.java:583)?[0m
[?[31m16:55:46.291 STDERR (CRITICAL) on Thread-22] 	at java.base/java.net.ServerSocket.accept(ServerSocket.java:540)?[0m
[?[31m16:55:46.291 STDERR (CRITICAL) on Thread-22] 	at utils.communication.SocketServerInterface$1.run(SocketServerInterface.java:72)?[0m
[?[31m16:55:46.292 COMMUNICATION (CRITICAL) on Thread-22 utils.communication.SocketServerInterface$1.run(SocketServerInterface.java:88)] Socket error: Socket closed?[0m
[?[31m16:55:46.293 STDERR (CRITICAL) on Thread-22] java.net.SocketException: Socket is closed?[0m
[?[31m16:55:46.293 STDERR (CRITICAL) on Thread-22] 	at java.base/java.net.ServerSocket.accept(ServerSocket.java:536)?[0m
[?[31m16:55:46.294 STDERR (CRITICAL) on Thread-22] 	at utils.communication.SocketServerInterface$1.run(SocketServerInterface.java:72)?[0m
[?[31m16:55:46.294 COMMUNICATION (CRITICAL) on Thread-22 utils.communication.SocketServerInterface$1.run(SocketServerInterface.java:88)] Socket error: Socket is closed?[0m
[?[31m16:55:46.383 STDERR (CRITICAL) on Test worker] Unknown key : RECALAGE_ACC, also tried recalageAcc?[0m
[?[31m16:55:46.385 STDERR (CRITICAL) on Test worker] Unknown key : SECOURS, also tried secours?[0m
[?[31m16:55:46.386 STDERR (CRITICAL) on Test worker] Unknown key : RECALAGE_MECA_ACC, also tried recalageMecaAcc?[0m
[?[31m16:55:46.388 STDERR (CRITICAL) on Test worker] Unknown key : MILIEU_ECUEIL_PRIVE_XBLEU, also tried milieuEcueilPriveXbleu?[0m
[?[31m16:55:46.473 AI (CRITICAL) on AIModule ai.goap.Agent.updateIdleState(Agent.java:113)] Tentative de planification alors qu'il n'y a pas de but donné!?[0m
[?[31m16:55:46.751 AI (CRITICAL) on AIModule ai.goap.Agent.updateIdleState(Agent.java:113)] Tentative de planification alors qu'il n'y a pas de but donné!?[0m
[?[31m16:55:47.205 STDERR (CRITICAL) on Thread-24] java.net.SocketException: Socket closed?[0m
[?[31m16:55:47.218 STDERR (CRITICAL) on Test worker] ?[0m
[?[31m16:55:47.223 STDERR (CRITICAL) on Thread-24] 	at java.base/sun.nio.ch.NioSocketImpl.endAccept(NioSocketImpl.java:689)?[0m
[?[31m16:55:47.224 STDERR (CRITICAL) on Thread-24] 	at java.base/sun.nio.ch.NioSocketImpl.accept(NioSocketImpl.java:762)?[0m
[?[31m16:55:47.225 STDERR (CRITICAL) on Thread-24] 	at java.base/java.net.ServerSocket.implAccept(ServerSocket.java:684)?[0m
[?[31m16:55:47.226 STDERR (CRITICAL) on Thread-24] 	at java.base/java.net.ServerSocket.platformImplAccept(ServerSocket.java:650)?[0m
[?[31m16:55:47.226 STDERR (CRITICAL) on Thread-24] 	at java.base/java.net.ServerSocket.implAccept(ServerSocket.java:626)?[0m
[?[31m16:55:47.227 STDERR (CRITICAL) on Thread-24] 	at java.base/java.net.ServerSocket.implAccept(ServerSocket.java:583)?[0m
[?[31m16:55:47.228 STDERR (CRITICAL) on Thread-24] 	at java.base/java.net.ServerSocket.accept(ServerSocket.java:540)?[0m
[?[31m16:55:47.228 STDERR (CRITICAL) on Thread-24] 	at utils.communication.SocketServerInterface$1.run(SocketServerInterface.java:72)?[0m
[?[31m16:55:47.229 COMMUNICATION (CRITICAL) on Thread-24 utils.communication.SocketServerInterface$1.run(SocketServerInterface.java:88)] Socket error: Socket closed?[0m
[?[31m16:55:47.229 STDERR (CRITICAL) on Test worker] 	at utils.communication.SocketServerInterface$1.run(SocketServerInterface.java:72)?[0m
[?[31m16:55:47.234 STDERR (CRITICAL) on Thread-24] java.net.SocketException: Socket is closed?[0m
[?[31m16:55:47.235 STDERR (CRITICAL) on Thread-24] 	at java.base/java.net.ServerSocket.accept(ServerSocket.java:536)?[0m
[?[31m16:55:47.236 STDERR (CRITICAL) on Thread-24] 	at utils.communication.SocketServerInterface$1.run(SocketServerInterface.java:72)?[0m
[?[31m16:55:47.237 COMMUNICATION (CRITICAL) on Thread-24 utils.communication.SocketServerInterface$1.run(SocketServerInterface.java:88)] Socket error: Socket is closed?[0m
[?[31m16:55:47.395 STDERR (CRITICAL) on Test worker] Unknown key : RECALAGE_ACC, also tried recalageAcc?[0m
[?[31m16:55:47.396 STDERR (CRITICAL) on Test worker] Unknown key : SECOURS, also tried secours?[0m
[?[31m16:55:47.397 STDERR (CRITICAL) on Test worker] Unknown key : RECALAGE_MECA_ACC, also tried recalageMecaAcc?[0m
[?[31m16:55:47.398 STDERR (CRITICAL) on Test worker] Unknown key : MILIEU_ECUEIL_PRIVE_XBLEU, also tried milieuEcueilPriveXbleu?[0m
[?[31m16:55:47.403 AI (CRITICAL) on AIModule ai.goap.Agent.updateIdleState(Agent.java:113)] Tentative de planification alors qu'il n'y a pas de but donné!?[0m
[?[31m16:55:47.805 AI (CRITICAL) on AIModule ai.goap.Agent.updateIdleState(Agent.java:113)] Tentative de planification alors qu'il n'y a pas de but donné!?[0m
[?[31m16:55:47.806 STDERR (CRITICAL) on Thread-26] java.net.SocketException: Socket closed?[0m
[?[31m16:55:47.807 STDERR (CRITICAL) on Thread-26] 	at java.base/sun.nio.ch.NioSocketImpl.endAccept(NioSocketImpl.java:689)?[0m
[?[31m16:55:47.808 STDERR (CRITICAL) on Thread-26] 	at java.base/sun.nio.ch.NioSocketImpl.accept(NioSocketImpl.java:762)?[0m
[?[31m16:55:48.295 STDERR (CRITICAL) on Thread-26] 	at java.base/java.net.ServerSocket.implAccept(ServerSocket.java:684)?[0m
[?[31m16:55:48.295 STDERR (CRITICAL) on Thread-26] 	at java.base/java.net.ServerSocket.platformImplAccept(ServerSocket.java:650)?[0m
[?[31m16:55:48.296 STDERR (CRITICAL) on Thread-26] 	at java.base/java.net.ServerSocket.implAccept(ServerSocket.java:626)?[0m
[?[31m16:55:48.295 AI (CRITICAL) on AIModule ai.goap.Agent.updateIdleState(Agent.java:113)] Tentative de planification alors qu'il n'y a pas de but donné!?[0m
[?[31m16:55:48.298 STDERR (CRITICAL) on Thread-26] 	at java.base/java.net.ServerSocket.implAccept(ServerSocket.java:583)?[0m
[?[31m16:55:48.301 STDERR (CRITICAL) on Thread-26] 	at java.base/java.net.ServerSocket.accept(ServerSocket.java:540)?[0m
[?[31m16:55:48.301 STDERR (CRITICAL) on Thread-26] 	at utils.communication.SocketServerInterface$1.run(SocketServerInterface.java:72)?[0m
[?[31m16:55:48.302 COMMUNICATION (CRITICAL) on Thread-26 utils.communication.SocketServerInterface$1.run(SocketServerInterface.java:88)] Socket error: Socket closed?[0m
[?[31m16:55:48.303 STDERR (CRITICAL) on Test worker] 	at java.base/java.net.ServerSocket.implAccept(ServerSocket.java:583)?[0m
[?[31m16:55:48.312 STDERR (CRITICAL) on Thread-26] java.net.SocketException: Socket is closed?[0m
[?[31m16:55:48.314 STDERR (CRITICAL) on Test worker] java.net.SocketException: Socket is closed?[0m
[?[31m16:55:48.320 STDERR (CRITICAL) on Thread-26] 	at java.base/java.net.ServerSocket.accept(ServerSocket.java:536)?[0m
[?[31m16:55:48.321 STDERR (CRITICAL) on Thread-26] 	at utils.communication.SocketServerInterface$1.run(SocketServerInterface.java:72)?[0m
[?[31m16:55:48.321 COMMUNICATION (CRITICAL) on Thread-26 utils.communication.SocketServerInterface$1.run(SocketServerInterface.java:88)] Socket error: Socket is closed?[0m
[?[31m16:55:48.436 STDERR (CRITICAL) on Test worker] Unknown key : RECALAGE_ACC, also tried recalageAcc?[0m
[?[31m16:55:48.438 STDERR (CRITICAL) on Test worker] Unknown key : SECOURS, also tried secours?[0m
[?[31m16:55:48.439 STDERR (CRITICAL) on Test worker] Unknown key : RECALAGE_MECA_ACC, also tried recalageMecaAcc?[0m
[?[31m16:55:48.441 STDERR (CRITICAL) on Test worker] Unknown key : MILIEU_ECUEIL_PRIVE_XBLEU, also tried milieuEcueilPriveXbleu?[0m
[?[31m16:55:48.500 AI (CRITICAL) on AIModule ai.goap.Agent.updateIdleState(Agent.java:113)] Tentative de planification alors qu'il n'y a pas de but donné!?[0m
[?[31m16:55:48.702 AI (CRITICAL) on AIModule ai.goap.Agent.updateIdleState(Agent.java:113)] Tentative de planification alors qu'il n'y a pas de but donné!?[0m
[?[31m16:55:48.904 AI (CRITICAL) on AIModule ai.goap.Agent.updateIdleState(Agent.java:113)] Tentative de planification alors qu'il n'y a pas de but donné!?[0m
[?[31m16:55:49.105 AI (CRITICAL) on AIModule ai.goap.Agent.updateIdleState(Agent.java:113)] Tentative de planification alors qu'il n'y a pas de but donné!?[0m
[?[31m16:55:49.307 AI (CRITICAL) on AIModule ai.goap.Agent.updateIdleState(Agent.java:113)] Tentative de planification alors qu'il n'y a pas de but donné!?[0m
[?[31m16:55:49.507 AI (CRITICAL) on AIModule ai.goap.Agent.updateIdleState(Agent.java:113)] Tentative de planification alors qu'il n'y a pas de but donné!?[0m
[?[31m16:55:49.708 AI (CRITICAL) on AIModule ai.goap.Agent.updateIdleState(Agent.java:113)] Tentative de planification alors qu'il n'y a pas de but donné!?[0m
[?[31m16:55:49.909 AI (CRITICAL) on AIModule ai.goap.Agent.updateIdleState(Agent.java:113)] Tentative de planification alors qu'il n'y a pas de but donné!?[0m
[?[31m16:55:50.310 AI (CRITICAL) on AIModule ai.goap.Agent.updateIdleState(Agent.java:113)] Tentative de planification alors qu'il n'y a pas de but donné!?[0m
[?[31m16:55:50.311 STDERR (CRITICAL) on Thread-28] java.net.SocketException: Socket closed?[0m
[?[31m16:55:50.312 STDERR (CRITICAL) on Thread-28] 	at java.base/sun.nio.ch.NioSocketImpl.endAccept(NioSocketImpl.java:689)?[0m
[?[31m16:55:50.522 STDERR (CRITICAL) on Thread-28] 	at java.base/sun.nio.ch.NioSocketImpl.accept(NioSocketImpl.java:762)?[0m
[?[31m16:55:50.522 AI (CRITICAL) on AIModule ai.goap.Agent.updateIdleState(Agent.java:113)] Tentative de planification alors qu'il n'y a pas de but donné!?[0m
[?[31m16:55:50.737 STDERR (CRITICAL) on Thread-28] 	at java.base/java.net.ServerSocket.implAccept(ServerSocket.java:684)?[0m
[?[31m16:55:50.738 STDERR (CRITICAL) on Thread-28] 	at java.base/java.net.ServerSocket.platformImplAccept(ServerSocket.java:650)?[0m
[?[31m16:55:50.738 STDERR (CRITICAL) on Thread-28] 	at java.base/java.net.ServerSocket.implAccept(ServerSocket.java:626)?[0m
[?[31m16:55:50.739 STDERR (CRITICAL) on Thread-28] 	at java.base/java.net.ServerSocket.implAccept(ServerSocket.java:583)?[0m
[?[31m16:55:50.739 STDERR (CRITICAL) on Thread-28] 	at java.base/java.net.ServerSocket.accept(ServerSocket.java:540)?[0m
[?[31m16:55:50.740 STDERR (CRITICAL) on Thread-28] 	at utils.communication.SocketServerInterface$1.run(SocketServerInterface.java:72)?[0m
[?[31m16:55:50.740 COMMUNICATION (CRITICAL) on Thread-28 utils.communication.SocketServerInterface$1.run(SocketServerInterface.java:88)] Socket error: Socket closed?[0m
[?[31m16:55:50.741 STDERR (CRITICAL) on Thread-28] java.net.SocketException: Socket is closed?[0m
[?[31m16:55:50.742 STDERR (CRITICAL) on Thread-28] 	at java.base/java.net.ServerSocket.accept(ServerSocket.java:536)?[0m
[?[31m16:55:50.742 STDERR (CRITICAL) on Thread-28] 	at utils.communication.SocketServerInterface$1.run(SocketServerInterface.java:72)?[0m
[?[31m16:55:50.742 COMMUNICATION (CRITICAL) on Thread-28 utils.communication.SocketServerInterface$1.run(SocketServerInterface.java:88)] Socket error: Socket is closed?[0m
[?[31m16:55:50.746 STDERR (CRITICAL) on Test worker] ?[0m
[?[31m16:55:50.748 STDERR (CRITICAL) on Test worker] ?[0m
[?[31m16:55:50.828 STDERR (CRITICAL) on Test worker] Unknown key : RECALAGE_ACC, also tried recalageAcc?[0m
[?[31m16:55:50.828 STDERR (CRITICAL) on Test worker] Unknown key : SECOURS, also tried secours?[0m
[?[31m16:55:50.829 STDERR (CRITICAL) on Test worker] Unknown key : RECALAGE_MECA_ACC, also tried recalageMecaAcc?[0m
[?[31m16:55:50.831 STDERR (CRITICAL) on Test worker] Unknown key : MILIEU_ECUEIL_PRIVE_XBLEU, also tried milieuEcueilPriveXbleu?[0m
[?[31m16:55:50.937 AI (CRITICAL) on AIModule ai.goap.Agent.updateIdleState(Agent.java:113)] Tentative de planification alors qu'il n'y a pas de but donné!?[0m
[?[31m16:55:51.205 AI (CRITICAL) on AIModule ai.goap.Agent.updateIdleState(Agent.java:113)] Tentative de planification alors qu'il n'y a pas de but donné!?[0m
[?[31m16:55:51.206 STDERR (CRITICAL) on Thread-30] java.net.SocketException: Socket closed?[0m
[?[31m16:55:51.207 STDERR (CRITICAL) on Thread-30] 	at java.base/sun.nio.ch.NioSocketImpl.endAccept(NioSocketImpl.java:689)?[0m
[?[31m16:55:51.208 STDERR (CRITICAL) on Thread-30] 	at java.base/sun.nio.ch.NioSocketImpl.accept(NioSocketImpl.java:762)?[0m
[?[31m16:55:51.208 STDERR (CRITICAL) on Thread-30] 	at java.base/java.net.ServerSocket.implAccept(ServerSocket.java:684)?[0m
[?[31m16:55:51.208 STDERR (CRITICAL) on Thread-30] 	at java.base/java.net.ServerSocket.platformImplAccept(ServerSocket.java:650)?[0m
[?[31m16:55:51.209 STDERR (CRITICAL) on Thread-30] 	at java.base/java.net.ServerSocket.implAccept(ServerSocket.java:626)?[0m
[?[31m16:55:51.209 STDERR (CRITICAL) on Thread-30] 	at java.base/java.net.ServerSocket.implAccept(ServerSocket.java:583)?[0m
[?[31m16:55:51.688 AI (CRITICAL) on AIModule ai.goap.Agent.updateIdleState(Agent.java:113)] Tentative de planification alors qu'il n'y a pas de but donné!?[0m
[?[31m16:55:51.689 STDERR (CRITICAL) on Thread-30] 	at java.base/java.net.ServerSocket.accept(ServerSocket.java:540)?[0m
[?[31m16:55:51.692 STDERR (CRITICAL) on Thread-30] 	at utils.communication.SocketServerInterface$1.run(SocketServerInterface.java:72)?[0m
[?[31m16:55:51.697 COMMUNICATION (CRITICAL) on Thread-30 utils.communication.SocketServerInterface$1.run(SocketServerInterface.java:88)] Socket error: Socket closed?[0m
[?[31m16:55:51.703 STDERR (CRITICAL) on Test worker] ?[0m
[?[31m16:55:51.713 STDERR (CRITICAL) on Thread-30] java.net.SocketException: Socket is closed?[0m
[?[31m16:55:51.716 STDERR (CRITICAL) on Thread-30] 	at java.base/java.net.ServerSocket.accept(ServerSocket.java:536)?[0m
[?[31m16:55:51.718 STDERR (CRITICAL) on Thread-30] 	at utils.communication.SocketServerInterface$1.run(SocketServerInterface.java:72)?[0m
[?[31m16:55:51.721 COMMUNICATION (CRITICAL) on Thread-30 utils.communication.SocketServerInterface$1.run(SocketServerInterface.java:88)] Socket error: Socket is closed?[0m
[?[31m16:55:51.721 STDERR (CRITICAL) on Test worker] 	at utils.communication.SocketServerInterface$1.run(SocketServerInterface.java:72)?[0m
]]></system-err>
</testsuite>
